{"/Users/chongraktanaka/Documents/Project/ris data scrap/frontend/src/App.tsx": {"path":"/Users/chongraktanaka/Documents/Project/ris data scrap/frontend/src/App.tsx","statementMap":{"0":{"start":{"line":19,"column":14},"end":{"line":31,"column":2}},"1":{"start":{"line":34,"column":20},"end":{"line":47,"column":2}},"2":{"start":{"line":39,"column":36},"end":{"line":39,"column":77}},"3":{"start":{"line":44,"column":36},"end":{"line":44,"column":77}},"4":{"start":{"line":50,"column":2},"end":{"line":79,"column":4}}},"fnMap":{"0":{"name":"(anonymous_0)","decl":{"start":{"line":39,"column":18},"end":{"line":39,"column":19}},"loc":{"start":{"line":39,"column":36},"end":{"line":39,"column":77}},"line":39},"1":{"name":"(anonymous_1)","decl":{"start":{"line":44,"column":18},"end":{"line":44,"column":19}},"loc":{"start":{"line":44,"column":36},"end":{"line":44,"column":77}},"line":44},"2":{"name":"App","decl":{"start":{"line":49,"column":9},"end":{"line":49,"column":12}},"loc":{"start":{"line":49,"column":15},"end":{"line":80,"column":1}},"line":49}},"branchMap":{},"s":{"0":0,"1":0,"2":0,"3":0,"4":0},"f":{"0":0,"1":0,"2":0},"b":{}}
,"/Users/chongraktanaka/Documents/Project/ris data scrap/frontend/src/test-utils.tsx": {"path":"/Users/chongraktanaka/Documents/Project/ris data scrap/frontend/src/test-utils.tsx","statementMap":{"0":{"start":{"line":9,"column":24},"end":{"line":31,"column":1}},"1":{"start":{"line":10,"column":22},"end":{"line":20,"column":4}},"2":{"start":{"line":22,"column":2},"end":{"line":30,"column":4}},"3":{"start":{"line":34,"column":21},"end":{"line":44,"column":1}},"4":{"start":{"line":38,"column":15},"end":{"line":38,"column":32}},"5":{"start":{"line":40,"column":2},"end":{"line":43,"column":4}},"6":{"start":{"line":53,"column":29},"end":{"line":70,"column":1}},"7":{"start":{"line":72,"column":33},"end":{"line":89,"column":1}},"8":{"start":{"line":92,"column":34},"end":{"line":98,"column":2}},"9":{"start":{"line":92,"column":52},"end":{"line":98,"column":1}},"10":{"start":{"line":101,"column":38},"end":{"line":108,"column":1}},"11":{"start":{"line":102,"column":2},"end":{"line":107,"column":24}},"12":{"start":{"line":103,"column":25},"end":{"line":103,"column":61}},"13":{"start":{"line":104,"column":4},"end":{"line":106,"column":5}},"14":{"start":{"line":105,"column":6},"end":{"line":105,"column":39}}},"fnMap":{"0":{"name":"(anonymous_0)","decl":{"start":{"line":9,"column":24},"end":{"line":9,"column":25}},"loc":{"start":{"line":9,"column":73},"end":{"line":31,"column":1}},"line":9},"1":{"name":"(anonymous_1)","decl":{"start":{"line":34,"column":21},"end":{"line":34,"column":22}},"loc":{"start":{"line":37,"column":5},"end":{"line":44,"column":1}},"line":37},"2":{"name":"(anonymous_2)","decl":{"start":{"line":92,"column":34},"end":{"line":92,"column":35}},"loc":{"start":{"line":92,"column":52},"end":{"line":98,"column":1}},"line":92},"3":{"name":"(anonymous_3)","decl":{"start":{"line":101,"column":38},"end":{"line":101,"column":39}},"loc":{"start":{"line":101,"column":50},"end":{"line":108,"column":1}},"line":101},"4":{"name":"(anonymous_4)","decl":{"start":{"line":102,"column":16},"end":{"line":102,"column":17}},"loc":{"start":{"line":102,"column":22},"end":{"line":107,"column":3}},"line":102}},"branchMap":{"0":{"loc":{"start":{"line":104,"column":4},"end":{"line":106,"column":5}},"type":"if","locations":[{"start":{"line":104,"column":4},"end":{"line":106,"column":5}},{"start":{},"end":{}}],"line":104}},"s":{"0":6,"1":0,"2":0,"3":6,"4":0,"5":0,"6":6,"7":6,"8":6,"9":0,"10":6,"11":0,"12":0,"13":0,"14":0},"f":{"0":0,"1":0,"2":0,"3":0,"4":0},"b":{"0":[0,0]},"_coverageSchema":"1a1c01bbd47fc00a2c39e90264f33305004495a9","hash":"c429eab66f812593a3d025a75e55180665aede11"}
,"/Users/chongraktanaka/Documents/Project/ris data scrap/frontend/src/components/CategoryDetailDialog.tsx": {"path":"/Users/chongraktanaka/Documents/Project/ris data scrap/frontend/src/components/CategoryDetailDialog.tsx","statementMap":{"0":{"start":{"line":82,"column":66},"end":{"line":419,"column":1}},"1":{"start":{"line":89,"column":32},"end":{"line":89,"column":47}},"2":{"start":{"line":90,"column":44},"end":{"line":90,"column":73}},"3":{"start":{"line":91,"column":44},"end":{"line":91,"column":80}},"4":{"start":{"line":92,"column":44},"end":{"line":92,"column":72}},"5":{"start":{"line":93,"column":44},"end":{"line":93,"column":66}},"6":{"start":{"line":95,"column":2},"end":{"line":100,"column":17}},"7":{"start":{"line":96,"column":4},"end":{"line":99,"column":5}},"8":{"start":{"line":98,"column":6},"end":{"line":98,"column":28}},"9":{"start":{"line":102,"column":30},"end":{"line":139,"column":3}},"10":{"start":{"line":103,"column":4},"end":{"line":103,"column":21}},"11":{"start":{"line":104,"column":4},"end":{"line":138,"column":5}},"12":{"start":{"line":106,"column":6},"end":{"line":106,"column":61}},"13":{"start":{"line":106,"column":35},"end":{"line":106,"column":59}},"14":{"start":{"line":109,"column":6},"end":{"line":117,"column":9}},"15":{"start":{"line":120,"column":6},"end":{"line":133,"column":9}},"16":{"start":{"line":135,"column":6},"end":{"line":135,"column":63}},"17":{"start":{"line":137,"column":6},"end":{"line":137,"column":24}},"18":{"start":{"line":141,"column":29},"end":{"line":150,"column":3}},"19":{"start":{"line":142,"column":4},"end":{"line":142,"column":26}},"20":{"start":{"line":142,"column":19},"end":{"line":142,"column":26}},"21":{"start":{"line":144,"column":4},"end":{"line":144,"column":34}},"22":{"start":{"line":145,"column":4},"end":{"line":149,"column":5}},"23":{"start":{"line":146,"column":6},"end":{"line":146,"column":40}},"24":{"start":{"line":148,"column":6},"end":{"line":148,"column":29}},"25":{"start":{"line":152,"column":32},"end":{"line":161,"column":3}},"26":{"start":{"line":153,"column":4},"end":{"line":153,"column":26}},"27":{"start":{"line":153,"column":19},"end":{"line":153,"column":26}},"28":{"start":{"line":155,"column":4},"end":{"line":155,"column":37}},"29":{"start":{"line":156,"column":4},"end":{"line":160,"column":5}},"30":{"start":{"line":157,"column":6},"end":{"line":157,"column":43}},"31":{"start":{"line":159,"column":6},"end":{"line":159,"column":29}},"32":{"start":{"line":163,"column":27},"end":{"line":165,"column":3}},"33":{"start":{"line":164,"column":4},"end":{"line":164,"column":30}},"34":{"start":{"line":167,"column":29},"end":{"line":191,"column":3}},"35":{"start":{"line":168,"column":24},"end":{"line":168,"column":63}},"36":{"start":{"line":170,"column":4},"end":{"line":190,"column":6}},"37":{"start":{"line":188,"column":51},"end":{"line":188,"column":76}},"38":{"start":{"line":193,"column":24},"end":{"line":204,"column":3}},"39":{"start":{"line":194,"column":4},"end":{"line":203,"column":5}},"40":{"start":{"line":196,"column":8},"end":{"line":196,"column":51}},"41":{"start":{"line":198,"column":8},"end":{"line":198,"column":47}},"42":{"start":{"line":200,"column":8},"end":{"line":200,"column":43}},"43":{"start":{"line":202,"column":8},"end":{"line":202,"column":20}},"44":{"start":{"line":206,"column":24},"end":{"line":217,"column":3}},"45":{"start":{"line":207,"column":4},"end":{"line":216,"column":5}},"46":{"start":{"line":209,"column":8},"end":{"line":209,"column":50}},"47":{"start":{"line":211,"column":8},"end":{"line":211,"column":50}},"48":{"start":{"line":213,"column":8},"end":{"line":213,"column":46}},"49":{"start":{"line":215,"column":8},"end":{"line":215,"column":20}},"50":{"start":{"line":219,"column":26},"end":{"line":228,"column":3}},"51":{"start":{"line":220,"column":17},"end":{"line":220,"column":36}},"52":{"start":{"line":221,"column":16},"end":{"line":221,"column":26}},"53":{"start":{"line":222,"column":22},"end":{"line":222,"column":85}},"54":{"start":{"line":224,"column":4},"end":{"line":224,"column":41}},"55":{"start":{"line":224,"column":23},"end":{"line":224,"column":41}},"56":{"start":{"line":225,"column":4},"end":{"line":225,"column":51}},"57":{"start":{"line":225,"column":24},"end":{"line":225,"column":51}},"58":{"start":{"line":226,"column":4},"end":{"line":226,"column":43}},"59":{"start":{"line":226,"column":24},"end":{"line":226,"column":43}},"60":{"start":{"line":227,"column":4},"end":{"line":227,"column":37}},"61":{"start":{"line":230,"column":2},"end":{"line":230,"column":29}},"62":{"start":{"line":230,"column":17},"end":{"line":230,"column":29}},"63":{"start":{"line":232,"column":2},"end":{"line":418,"column":4}},"64":{"start":{"line":368,"column":22},"end":{"line":381,"column":33}}},"fnMap":{"0":{"name":"(anonymous_0)","decl":{"start":{"line":82,"column":66},"end":{"line":82,"column":67}},"loc":{"start":{"line":88,"column":6},"end":{"line":419,"column":1}},"line":88},"1":{"name":"(anonymous_1)","decl":{"start":{"line":95,"column":12},"end":{"line":95,"column":13}},"loc":{"start":{"line":95,"column":18},"end":{"line":100,"column":3}},"line":95},"2":{"name":"(anonymous_2)","decl":{"start":{"line":102,"column":30},"end":{"line":102,"column":31}},"loc":{"start":{"line":102,"column":42},"end":{"line":139,"column":3}},"line":102},"3":{"name":"(anonymous_3)","decl":{"start":{"line":106,"column":24},"end":{"line":106,"column":25}},"loc":{"start":{"line":106,"column":35},"end":{"line":106,"column":59}},"line":106},"4":{"name":"(anonymous_4)","decl":{"start":{"line":141,"column":29},"end":{"line":141,"column":30}},"loc":{"start":{"line":141,"column":41},"end":{"line":150,"column":3}},"line":141},"5":{"name":"(anonymous_5)","decl":{"start":{"line":152,"column":32},"end":{"line":152,"column":33}},"loc":{"start":{"line":152,"column":44},"end":{"line":161,"column":3}},"line":152},"6":{"name":"(anonymous_6)","decl":{"start":{"line":163,"column":27},"end":{"line":163,"column":28}},"loc":{"start":{"line":163,"column":79},"end":{"line":165,"column":3}},"line":163},"7":{"name":"(anonymous_7)","decl":{"start":{"line":167,"column":29},"end":{"line":167,"column":30}},"loc":{"start":{"line":167,"column":61},"end":{"line":191,"column":3}},"line":167},"8":{"name":"(anonymous_8)","decl":{"start":{"line":188,"column":42},"end":{"line":188,"column":43}},"loc":{"start":{"line":188,"column":51},"end":{"line":188,"column":76}},"line":188},"9":{"name":"(anonymous_9)","decl":{"start":{"line":193,"column":24},"end":{"line":193,"column":25}},"loc":{"start":{"line":193,"column":44},"end":{"line":204,"column":3}},"line":193},"10":{"name":"(anonymous_10)","decl":{"start":{"line":206,"column":24},"end":{"line":206,"column":25}},"loc":{"start":{"line":206,"column":42},"end":{"line":217,"column":3}},"line":206},"11":{"name":"(anonymous_11)","decl":{"start":{"line":219,"column":26},"end":{"line":219,"column":27}},"loc":{"start":{"line":219,"column":49},"end":{"line":228,"column":3}},"line":219},"12":{"name":"(anonymous_12)","decl":{"start":{"line":367,"column":38},"end":{"line":367,"column":39}},"loc":{"start":{"line":368,"column":22},"end":{"line":381,"column":33}},"line":368}},"branchMap":{"0":{"loc":{"start":{"line":96,"column":4},"end":{"line":99,"column":5}},"type":"if","locations":[{"start":{"line":96,"column":4},"end":{"line":99,"column":5}},{"start":{},"end":{}}],"line":96},"1":{"loc":{"start":{"line":110,"column":16},"end":{"line":110,"column":69}},"type":"cond-expr","locations":[{"start":{"line":110,"column":48},"end":{"line":110,"column":57}},{"start":{"line":110,"column":60},"end":{"line":110,"column":69}}],"line":110},"2":{"loc":{"start":{"line":111,"column":26},"end":{"line":113,"column":16}},"type":"cond-expr","locations":[{"start":{"line":112,"column":12},"end":{"line":112,"column":99}},{"start":{"line":113,"column":12},"end":{"line":113,"column":16}}],"line":111},"3":{"loc":{"start":{"line":116,"column":16},"end":{"line":116,"column":91}},"type":"cond-expr","locations":[{"start":{"line":116,"column":48},"end":{"line":116,"column":86}},{"start":{"line":116,"column":89},"end":{"line":116,"column":91}}],"line":116},"4":{"loc":{"start":{"line":142,"column":4},"end":{"line":142,"column":26}},"type":"if","locations":[{"start":{"line":142,"column":4},"end":{"line":142,"column":26}},{"start":{},"end":{}}],"line":142},"5":{"loc":{"start":{"line":153,"column":4},"end":{"line":153,"column":26}},"type":"if","locations":[{"start":{"line":153,"column":4},"end":{"line":153,"column":26}},{"start":{},"end":{}}],"line":153},"6":{"loc":{"start":{"line":168,"column":24},"end":{"line":168,"column":63}},"type":"binary-expr","locations":[{"start":{"line":168,"column":24},"end":{"line":168,"column":36}},{"start":{"line":168,"column":40},"end":{"line":168,"column":63}}],"line":168},"7":{"loc":{"start":{"line":180,"column":21},"end":{"line":180,"column":66}},"type":"cond-expr","locations":[{"start":{"line":180,"column":45},"end":{"line":180,"column":54}},{"start":{"line":180,"column":57},"end":{"line":180,"column":66}}],"line":180},"8":{"loc":{"start":{"line":182,"column":13},"end":{"line":184,"column":13}},"type":"binary-expr","locations":[{"start":{"line":182,"column":13},"end":{"line":182,"column":27}},{"start":{"line":183,"column":14},"end":{"line":183,"column":66}}],"line":182},"9":{"loc":{"start":{"line":188,"column":9},"end":{"line":188,"column":77}},"type":"binary-expr","locations":[{"start":{"line":188,"column":9},"end":{"line":188,"column":20}},{"start":{"line":188,"column":24},"end":{"line":188,"column":77}}],"line":188},"10":{"loc":{"start":{"line":194,"column":4},"end":{"line":203,"column":5}},"type":"switch","locations":[{"start":{"line":195,"column":6},"end":{"line":196,"column":51}},{"start":{"line":197,"column":6},"end":{"line":198,"column":47}},{"start":{"line":199,"column":6},"end":{"line":200,"column":43}},{"start":{"line":201,"column":6},"end":{"line":202,"column":20}}],"line":194},"11":{"loc":{"start":{"line":207,"column":4},"end":{"line":216,"column":5}},"type":"switch","locations":[{"start":{"line":208,"column":6},"end":{"line":209,"column":50}},{"start":{"line":210,"column":6},"end":{"line":211,"column":50}},{"start":{"line":212,"column":6},"end":{"line":213,"column":46}},{"start":{"line":214,"column":6},"end":{"line":215,"column":20}}],"line":207},"12":{"loc":{"start":{"line":224,"column":4},"end":{"line":224,"column":41}},"type":"if","locations":[{"start":{"line":224,"column":4},"end":{"line":224,"column":41}},{"start":{},"end":{}}],"line":224},"13":{"loc":{"start":{"line":225,"column":4},"end":{"line":225,"column":51}},"type":"if","locations":[{"start":{"line":225,"column":4},"end":{"line":225,"column":51}},{"start":{},"end":{}}],"line":225},"14":{"loc":{"start":{"line":226,"column":4},"end":{"line":226,"column":43}},"type":"if","locations":[{"start":{"line":226,"column":4},"end":{"line":226,"column":43}},{"start":{},"end":{}}],"line":226},"15":{"loc":{"start":{"line":230,"column":2},"end":{"line":230,"column":29}},"type":"if","locations":[{"start":{"line":230,"column":2},"end":{"line":230,"column":29}},{"start":{},"end":{}}],"line":230},"16":{"loc":{"start":{"line":258,"column":9},"end":{"line":388,"column":9}},"type":"cond-expr","locations":[{"start":{"line":259,"column":10},"end":{"line":261,"column":16}},{"start":{"line":263,"column":10},"end":{"line":387,"column":18}}],"line":258},"17":{"loc":{"start":{"line":268,"column":19},"end":{"line":268,"column":71}},"type":"binary-expr","locations":[{"start":{"line":268,"column":19},"end":{"line":268,"column":32}},{"start":{"line":268,"column":36},"end":{"line":268,"column":71}}],"line":268},"18":{"loc":{"start":{"line":272,"column":17},"end":{"line":329,"column":17}},"type":"binary-expr","locations":[{"start":{"line":272,"column":17},"end":{"line":272,"column":30}},{"start":{"line":273,"column":18},"end":{"line":328,"column":21}}],"line":272},"19":{"loc":{"start":{"line":274,"column":21},"end":{"line":278,"column":21}},"type":"binary-expr","locations":[{"start":{"line":274,"column":21},"end":{"line":274,"column":52}},{"start":{"line":275,"column":22},"end":{"line":277,"column":30}}],"line":274},"20":{"loc":{"start":{"line":308,"column":58},"end":{"line":308,"column":126}},"type":"cond-expr","locations":[{"start":{"line":308,"column":97},"end":{"line":308,"column":111}},{"start":{"line":308,"column":114},"end":{"line":308,"column":126}}],"line":308},"21":{"loc":{"start":{"line":309,"column":29},"end":{"line":309,"column":76}},"type":"cond-expr","locations":[{"start":{"line":309,"column":68},"end":{"line":309,"column":71}},{"start":{"line":309,"column":74},"end":{"line":309,"column":76}}],"line":309},"22":{"loc":{"start":{"line":320,"column":29},"end":{"line":322,"column":39}},"type":"cond-expr","locations":[{"start":{"line":321,"column":32},"end":{"line":321,"column":68}},{"start":{"line":322,"column":32},"end":{"line":322,"column":39}}],"line":320},"23":{"loc":{"start":{"line":359,"column":19},"end":{"line":383,"column":19}},"type":"cond-expr","locations":[{"start":{"line":360,"column":20},"end":{"line":365,"column":31}},{"start":{"line":367,"column":20},"end":{"line":382,"column":22}}],"line":359},"24":{"loc":{"start":{"line":399,"column":23},"end":{"line":399,"column":102}},"type":"cond-expr","locations":[{"start":{"line":399,"column":55},"end":{"line":399,"column":85}},{"start":{"line":399,"column":88},"end":{"line":399,"column":102}}],"line":399},"25":{"loc":{"start":{"line":409,"column":23},"end":{"line":409,"column":111}},"type":"cond-expr","locations":[{"start":{"line":409,"column":58},"end":{"line":409,"column":88}},{"start":{"line":409,"column":91},"end":{"line":409,"column":111}}],"line":409}},"s":{"0":1,"1":0,"2":0,"3":0,"4":0,"5":0,"6":0,"7":0,"8":0,"9":0,"10":0,"11":0,"12":0,"13":0,"14":0,"15":0,"16":0,"17":0,"18":0,"19":0,"20":0,"21":0,"22":0,"23":0,"24":0,"25":0,"26":0,"27":0,"28":0,"29":0,"30":0,"31":0,"32":0,"33":0,"34":0,"35":0,"36":0,"37":0,"38":0,"39":0,"40":0,"41":0,"42":0,"43":0,"44":0,"45":0,"46":0,"47":0,"48":0,"49":0,"50":0,"51":0,"52":0,"53":0,"54":0,"55":0,"56":0,"57":0,"58":0,"59":0,"60":0,"61":0,"62":0,"63":0,"64":0},"f":{"0":0,"1":0,"2":0,"3":0,"4":0,"5":0,"6":0,"7":0,"8":0,"9":0,"10":0,"11":0,"12":0},"b":{"0":[0,0],"1":[0,0],"2":[0,0],"3":[0,0],"4":[0,0],"5":[0,0],"6":[0,0],"7":[0,0],"8":[0,0],"9":[0,0],"10":[0,0,0,0],"11":[0,0,0,0],"12":[0,0],"13":[0,0],"14":[0,0],"15":[0,0],"16":[0,0],"17":[0,0],"18":[0,0],"19":[0,0],"20":[0,0],"21":[0,0],"22":[0,0],"23":[0,0],"24":[0,0],"25":[0,0]},"_coverageSchema":"1a1c01bbd47fc00a2c39e90264f33305004495a9","hash":"21acaa3bee118337143d5daef37080a472ac123a"}
,"/Users/chongraktanaka/Documents/Project/ris data scrap/frontend/src/components/ErrorBoundary.tsx": {"path":"/Users/chongraktanaka/Documents/Project/ris data scrap/frontend/src/components/ErrorBoundary.tsx","statementMap":{"0":{"start":{"line":16,"column":24},"end":{"line":19,"column":3}},"1":{"start":{"line":22,"column":4},"end":{"line":22,"column":37}},"2":{"start":{"line":26,"column":4},"end":{"line":26,"column":55}},"3":{"start":{"line":29,"column":24},"end":{"line":32,"column":3}},"4":{"start":{"line":30,"column":4},"end":{"line":30,"column":52}},"5":{"start":{"line":31,"column":4},"end":{"line":31,"column":29}},"6":{"start":{"line":35,"column":4},"end":{"line":76,"column":5}},"7":{"start":{"line":36,"column":6},"end":{"line":38,"column":7}},"8":{"start":{"line":37,"column":8},"end":{"line":37,"column":42}},"9":{"start":{"line":40,"column":6},"end":{"line":75,"column":8}},"10":{"start":{"line":78,"column":4},"end":{"line":78,"column":31}}},"fnMap":{"0":{"name":"(anonymous_0)","decl":{"start":{"line":21,"column":2},"end":{"line":21,"column":3}},"loc":{"start":{"line":21,"column":62},"end":{"line":23,"column":3}},"line":21},"1":{"name":"(anonymous_1)","decl":{"start":{"line":25,"column":2},"end":{"line":25,"column":3}},"loc":{"start":{"line":25,"column":63},"end":{"line":27,"column":3}},"line":25},"2":{"name":"(anonymous_2)","decl":{"start":{"line":29,"column":24},"end":{"line":29,"column":25}},"loc":{"start":{"line":29,"column":30},"end":{"line":32,"column":3}},"line":29},"3":{"name":"(anonymous_3)","decl":{"start":{"line":34,"column":2},"end":{"line":34,"column":3}},"loc":{"start":{"line":34,"column":18},"end":{"line":79,"column":3}},"line":34}},"branchMap":{"0":{"loc":{"start":{"line":35,"column":4},"end":{"line":76,"column":5}},"type":"if","locations":[{"start":{"line":35,"column":4},"end":{"line":76,"column":5}},{"start":{},"end":{}}],"line":35},"1":{"loc":{"start":{"line":36,"column":6},"end":{"line":38,"column":7}},"type":"if","locations":[{"start":{"line":36,"column":6},"end":{"line":38,"column":7}},{"start":{},"end":{}}],"line":36},"2":{"loc":{"start":{"line":63,"column":15},"end":{"line":63,"column":74}},"type":"binary-expr","locations":[{"start":{"line":63,"column":15},"end":{"line":63,"column":40}},{"start":{"line":63,"column":44},"end":{"line":63,"column":74}}],"line":63}},"s":{"0":0,"1":0,"2":0,"3":0,"4":0,"5":0,"6":0,"7":0,"8":0,"9":0,"10":0},"f":{"0":0,"1":0,"2":0,"3":0},"b":{"0":[0,0],"1":[0,0],"2":[0,0]}}
,"/Users/chongraktanaka/Documents/Project/ris data scrap/frontend/src/components/Layout.tsx": {"path":"/Users/chongraktanaka/Documents/Project/ris data scrap/frontend/src/components/Layout.tsx","statementMap":{"0":{"start":{"line":29,"column":20},"end":{"line":29,"column":23}},"1":{"start":{"line":35,"column":18},"end":{"line":43,"column":1}},"2":{"start":{"line":46,"column":38},"end":{"line":46,"column":53}},"3":{"start":{"line":47,"column":19},"end":{"line":47,"column":32}},"4":{"start":{"line":48,"column":19},"end":{"line":48,"column":32}},"5":{"start":{"line":50,"column":29},"end":{"line":52,"column":3}},"6":{"start":{"line":51,"column":4},"end":{"line":51,"column":31}},"7":{"start":{"line":55,"column":4},"end":{"line":82,"column":10}},"8":{"start":{"line":71,"column":10},"end":{"line":79,"column":21}},"9":{"start":{"line":74,"column":29},"end":{"line":74,"column":48}},"10":{"start":{"line":85,"column":2},"end":{"line":150,"column":4}},"11":{"start":{"line":105,"column":36},"end":{"line":105,"column":67}}},"fnMap":{"0":{"name":"Layout","decl":{"start":{"line":45,"column":24},"end":{"line":45,"column":30}},"loc":{"start":{"line":45,"column":58},"end":{"line":151,"column":1}},"line":45},"1":{"name":"(anonymous_1)","decl":{"start":{"line":50,"column":29},"end":{"line":50,"column":30}},"loc":{"start":{"line":50,"column":35},"end":{"line":52,"column":3}},"line":50},"2":{"name":"(anonymous_2)","decl":{"start":{"line":70,"column":23},"end":{"line":70,"column":24}},"loc":{"start":{"line":71,"column":10},"end":{"line":79,"column":21}},"line":71},"3":{"name":"(anonymous_3)","decl":{"start":{"line":74,"column":23},"end":{"line":74,"column":24}},"loc":{"start":{"line":74,"column":29},"end":{"line":74,"column":48}},"line":74},"4":{"name":"(anonymous_4)","decl":{"start":{"line":105,"column":28},"end":{"line":105,"column":29}},"loc":{"start":{"line":105,"column":36},"end":{"line":105,"column":67}},"line":105}},"branchMap":{"0":{"loc":{"start":{"line":105,"column":13},"end":{"line":105,"column":104}},"type":"binary-expr","locations":[{"start":{"line":105,"column":13},"end":{"line":105,"column":74}},{"start":{"line":105,"column":78},"end":{"line":105,"column":104}}],"line":105}},"s":{"0":1,"1":1,"2":0,"3":0,"4":0,"5":0,"6":0,"7":0,"8":0,"9":0,"10":0,"11":0},"f":{"0":0,"1":0,"2":0,"3":0,"4":0},"b":{"0":[0,0]},"_coverageSchema":"1a1c01bbd47fc00a2c39e90264f33305004495a9","hash":"82cb7f0c2140c9a438e7e083cb35bdf3c3748b72"}
,"/Users/chongraktanaka/Documents/Project/ris data scrap/frontend/src/components/LoadingWrapper.tsx": {"path":"/Users/chongraktanaka/Documents/Project/ris data scrap/frontend/src/components/LoadingWrapper.tsx","statementMap":{"0":{"start":{"line":12,"column":54},"end":{"line":60,"column":1}},"1":{"start":{"line":19,"column":2},"end":{"line":39,"column":3}},"2":{"start":{"line":20,"column":4},"end":{"line":38,"column":6}},"3":{"start":{"line":41,"column":2},"end":{"line":57,"column":3}},"4":{"start":{"line":42,"column":4},"end":{"line":56,"column":6}},"5":{"start":{"line":59,"column":2},"end":{"line":59,"column":25}}},"fnMap":{"0":{"name":"(anonymous_0)","decl":{"start":{"line":12,"column":54},"end":{"line":12,"column":55}},"loc":{"start":{"line":18,"column":6},"end":{"line":60,"column":1}},"line":18}},"branchMap":{"0":{"loc":{"start":{"line":16,"column":2},"end":{"line":16,"column":28}},"type":"default-arg","locations":[{"start":{"line":16,"column":16},"end":{"line":16,"column":28}}],"line":16},"1":{"loc":{"start":{"line":17,"column":2},"end":{"line":17,"column":21}},"type":"default-arg","locations":[{"start":{"line":17,"column":14},"end":{"line":17,"column":21}}],"line":17},"2":{"loc":{"start":{"line":19,"column":2},"end":{"line":39,"column":3}},"type":"if","locations":[{"start":{"line":19,"column":2},"end":{"line":39,"column":3}},{"start":{},"end":{}}],"line":19},"3":{"loc":{"start":{"line":41,"column":2},"end":{"line":57,"column":3}},"type":"if","locations":[{"start":{"line":41,"column":2},"end":{"line":57,"column":3}},{"start":{},"end":{}}],"line":41},"4":{"loc":{"start":{"line":53,"column":11},"end":{"line":53,"column":47}},"type":"binary-expr","locations":[{"start":{"line":53,"column":11},"end":{"line":53,"column":24}},{"start":{"line":53,"column":28},"end":{"line":53,"column":47}}],"line":53}},"s":{"0":1,"1":0,"2":0,"3":0,"4":0,"5":0},"f":{"0":0},"b":{"0":[0],"1":[0],"2":[0,0],"3":[0,0],"4":[0,0]},"_coverageSchema":"1a1c01bbd47fc00a2c39e90264f33305004495a9","hash":"77d25d5d3fb4606833f1cde2013601165f594244"}
,"/Users/chongraktanaka/Documents/Project/ris data scrap/frontend/src/components/RetailerSelector.tsx": {"path":"/Users/chongraktanaka/Documents/Project/ris data scrap/frontend/src/components/RetailerSelector.tsx","statementMap":{"0":{"start":{"line":32,"column":47},"end":{"line":39,"column":1}},"1":{"start":{"line":41,"column":46},"end":{"line":48,"column":1}},"2":{"start":{"line":56,"column":58},"end":{"line":402,"column":1}},"3":{"start":{"line":71,"column":6},"end":{"line":71,"column":19}},"4":{"start":{"line":73,"column":34},"end":{"line":73,"column":67}},"5":{"start":{"line":75,"column":26},"end":{"line":75,"column":46}},"6":{"start":{"line":77,"column":25},"end":{"line":80,"column":3}},"7":{"start":{"line":79,"column":4},"end":{"line":79,"column":44}},"8":{"start":{"line":82,"column":31},"end":{"line":94,"column":3}},"9":{"start":{"line":83,"column":4},"end":{"line":93,"column":5}},"10":{"start":{"line":85,"column":6},"end":{"line":89,"column":7}},"11":{"start":{"line":86,"column":8},"end":{"line":86,"column":86}},"12":{"start":{"line":86,"column":62},"end":{"line":86,"column":83}},"13":{"start":{"line":88,"column":8},"end":{"line":88,"column":67}},"14":{"start":{"line":92,"column":6},"end":{"line":92,"column":40}},"15":{"start":{"line":96,"column":32},"end":{"line":106,"column":3}},"16":{"start":{"line":97,"column":4},"end":{"line":97,"column":45}},"17":{"start":{"line":98,"column":4},"end":{"line":105,"column":5}},"18":{"start":{"line":100,"column":6},"end":{"line":100,"column":61}},"19":{"start":{"line":100,"column":52},"end":{"line":100,"column":58}},"20":{"start":{"line":103,"column":28},"end":{"line":103,"column":56}},"21":{"start":{"line":104,"column":6},"end":{"line":104,"column":41}},"22":{"start":{"line":109,"column":31},"end":{"line":110,"column":59}},"23":{"start":{"line":110,"column":24},"end":{"line":110,"column":51}},"24":{"start":{"line":113,"column":2},"end":{"line":134,"column":3}},"25":{"start":{"line":114,"column":4},"end":{"line":133,"column":6}},"26":{"start":{"line":137,"column":2},"end":{"line":168,"column":3}},"27":{"start":{"line":138,"column":4},"end":{"line":167,"column":6}},"28":{"start":{"line":171,"column":2},"end":{"line":401,"column":4}},"29":{"start":{"line":197,"column":29},"end":{"line":197,"column":79}},"30":{"start":{"line":209,"column":31},"end":{"line":211,"column":48}},"31":{"start":{"line":212,"column":26},"end":{"line":212,"column":57}},"32":{"start":{"line":214,"column":12},"end":{"line":284,"column":14}},"33":{"start":{"line":218,"column":33},"end":{"line":218,"column":68}},"34":{"start":{"line":290,"column":31},"end":{"line":292,"column":48}},"35":{"start":{"line":293,"column":26},"end":{"line":293,"column":57}},"36":{"start":{"line":295,"column":12},"end":{"line":362,"column":14}},"37":{"start":{"line":299,"column":33},"end":{"line":299,"column":68}},"38":{"start":{"line":375,"column":31},"end":{"line":375,"column":67}},"39":{"start":{"line":375,"column":51},"end":{"line":375,"column":66}},"40":{"start":{"line":376,"column":28},"end":{"line":376,"column":50}},"41":{"start":{"line":377,"column":14},"end":{"line":395,"column":16}},"42":{"start":{"line":386,"column":34},"end":{"line":386,"column":60}}},"fnMap":{"0":{"name":"(anonymous_0)","decl":{"start":{"line":56,"column":58},"end":{"line":56,"column":59}},"loc":{"start":{"line":60,"column":6},"end":{"line":402,"column":1}},"line":60},"1":{"name":"(anonymous_1)","decl":{"start":{"line":77,"column":25},"end":{"line":77,"column":26}},"loc":{"start":{"line":77,"column":67},"end":{"line":80,"column":3}},"line":77},"2":{"name":"(anonymous_2)","decl":{"start":{"line":82,"column":31},"end":{"line":82,"column":32}},"loc":{"start":{"line":82,"column":57},"end":{"line":94,"column":3}},"line":82},"3":{"name":"(anonymous_3)","decl":{"start":{"line":86,"column":54},"end":{"line":86,"column":55}},"loc":{"start":{"line":86,"column":62},"end":{"line":86,"column":83}},"line":86},"4":{"name":"(anonymous_4)","decl":{"start":{"line":96,"column":32},"end":{"line":96,"column":33}},"loc":{"start":{"line":96,"column":38},"end":{"line":106,"column":3}},"line":96},"5":{"name":"(anonymous_5)","decl":{"start":{"line":100,"column":47},"end":{"line":100,"column":48}},"loc":{"start":{"line":100,"column":52},"end":{"line":100,"column":58}},"line":100},"6":{"name":"(anonymous_6)","decl":{"start":{"line":110,"column":19},"end":{"line":110,"column":20}},"loc":{"start":{"line":110,"column":24},"end":{"line":110,"column":51}},"line":110},"7":{"name":"(anonymous_7)","decl":{"start":{"line":197,"column":23},"end":{"line":197,"column":24}},"loc":{"start":{"line":197,"column":29},"end":{"line":197,"column":79}},"line":197},"8":{"name":"(anonymous_8)","decl":{"start":{"line":208,"column":31},"end":{"line":208,"column":32}},"loc":{"start":{"line":208,"column":52},"end":{"line":285,"column":11}},"line":208},"9":{"name":"(anonymous_9)","decl":{"start":{"line":218,"column":27},"end":{"line":218,"column":28}},"loc":{"start":{"line":218,"column":33},"end":{"line":218,"column":68}},"line":218},"10":{"name":"(anonymous_10)","decl":{"start":{"line":289,"column":31},"end":{"line":289,"column":32}},"loc":{"start":{"line":289,"column":52},"end":{"line":363,"column":11}},"line":289},"11":{"name":"(anonymous_11)","decl":{"start":{"line":299,"column":27},"end":{"line":299,"column":28}},"loc":{"start":{"line":299,"column":33},"end":{"line":299,"column":68}},"line":299},"12":{"name":"(anonymous_12)","decl":{"start":{"line":374,"column":35},"end":{"line":374,"column":36}},"loc":{"start":{"line":374,"column":43},"end":{"line":396,"column":13}},"line":374},"13":{"name":"(anonymous_13)","decl":{"start":{"line":375,"column":46},"end":{"line":375,"column":47}},"loc":{"start":{"line":375,"column":51},"end":{"line":375,"column":66}},"line":375},"14":{"name":"(anonymous_14)","decl":{"start":{"line":386,"column":28},"end":{"line":386,"column":29}},"loc":{"start":{"line":386,"column":34},"end":{"line":386,"column":60}},"line":386}},"branchMap":{"0":{"loc":{"start":{"line":57,"column":2},"end":{"line":57,"column":18}},"type":"default-arg","locations":[{"start":{"line":57,"column":12},"end":{"line":57,"column":18}}],"line":57},"1":{"loc":{"start":{"line":58,"column":2},"end":{"line":58,"column":18}},"type":"default-arg","locations":[{"start":{"line":58,"column":14},"end":{"line":58,"column":18}}],"line":58},"2":{"loc":{"start":{"line":59,"column":2},"end":{"line":59,"column":22}},"type":"default-arg","locations":[{"start":{"line":59,"column":18},"end":{"line":59,"column":22}}],"line":59},"3":{"loc":{"start":{"line":83,"column":4},"end":{"line":93,"column":5}},"type":"if","locations":[{"start":{"line":83,"column":4},"end":{"line":93,"column":5}},{"start":{"line":90,"column":11},"end":{"line":93,"column":5}}],"line":83},"4":{"loc":{"start":{"line":85,"column":6},"end":{"line":89,"column":7}},"type":"if","locations":[{"start":{"line":85,"column":6},"end":{"line":89,"column":7}},{"start":{"line":87,"column":13},"end":{"line":89,"column":7}}],"line":85},"5":{"loc":{"start":{"line":98,"column":4},"end":{"line":105,"column":5}},"type":"if","locations":[{"start":{"line":98,"column":4},"end":{"line":105,"column":5}},{"start":{"line":101,"column":11},"end":{"line":105,"column":5}}],"line":98},"6":{"loc":{"start":{"line":103,"column":28},"end":{"line":103,"column":56}},"type":"binary-expr","locations":[{"start":{"line":103,"column":28},"end":{"line":103,"column":48}},{"start":{"line":103,"column":52},"end":{"line":103,"column":56}}],"line":103},"7":{"loc":{"start":{"line":109,"column":31},"end":{"line":110,"column":59}},"type":"cond-expr","locations":[{"start":{"line":110,"column":4},"end":{"line":110,"column":52}},{"start":{"line":110,"column":55},"end":{"line":110,"column":59}}],"line":109},"8":{"loc":{"start":{"line":113,"column":2},"end":{"line":134,"column":3}},"type":"if","locations":[{"start":{"line":113,"column":2},"end":{"line":134,"column":3}},{"start":{},"end":{}}],"line":113},"9":{"loc":{"start":{"line":115,"column":34},"end":{"line":115,"column":79}},"type":"binary-expr","locations":[{"start":{"line":115,"column":34},"end":{"line":115,"column":60}},{"start":{"line":115,"column":64},"end":{"line":115,"column":79}}],"line":115},"10":{"loc":{"start":{"line":117,"column":24},"end":{"line":117,"column":72}},"type":"cond-expr","locations":[{"start":{"line":117,"column":44},"end":{"line":117,"column":68}},{"start":{"line":117,"column":71},"end":{"line":117,"column":72}}],"line":117},"11":{"loc":{"start":{"line":124,"column":23},"end":{"line":124,"column":92}},"type":"cond-expr","locations":[{"start":{"line":124,"column":43},"end":{"line":124,"column":49}},{"start":{"line":124,"column":52},"end":{"line":124,"column":92}}],"line":124},"12":{"loc":{"start":{"line":124,"column":67},"end":{"line":124,"column":91}},"type":"binary-expr","locations":[{"start":{"line":124,"column":67},"end":{"line":124,"column":83}},{"start":{"line":124,"column":87},"end":{"line":124,"column":91}}],"line":124},"13":{"loc":{"start":{"line":129,"column":13},"end":{"line":129,"column":93}},"type":"cond-expr","locations":[{"start":{"line":129,"column":33},"end":{"line":129,"column":51}},{"start":{"line":129,"column":54},"end":{"line":129,"column":93}}],"line":129},"14":{"loc":{"start":{"line":129,"column":68},"end":{"line":129,"column":92}},"type":"binary-expr","locations":[{"start":{"line":129,"column":68},"end":{"line":129,"column":84}},{"start":{"line":129,"column":88},"end":{"line":129,"column":92}}],"line":129},"15":{"loc":{"start":{"line":137,"column":2},"end":{"line":168,"column":3}},"type":"if","locations":[{"start":{"line":137,"column":2},"end":{"line":168,"column":3}},{"start":{},"end":{}}],"line":137},"16":{"loc":{"start":{"line":146,"column":27},"end":{"line":146,"column":96}},"type":"cond-expr","locations":[{"start":{"line":146,"column":47},"end":{"line":146,"column":53}},{"start":{"line":146,"column":56},"end":{"line":146,"column":96}}],"line":146},"17":{"loc":{"start":{"line":146,"column":71},"end":{"line":146,"column":95}},"type":"binary-expr","locations":[{"start":{"line":146,"column":71},"end":{"line":146,"column":87}},{"start":{"line":146,"column":91},"end":{"line":146,"column":95}}],"line":146},"18":{"loc":{"start":{"line":147,"column":21},"end":{"line":147,"column":90}},"type":"cond-expr","locations":[{"start":{"line":147,"column":41},"end":{"line":147,"column":47}},{"start":{"line":147,"column":50},"end":{"line":147,"column":90}}],"line":147},"19":{"loc":{"start":{"line":147,"column":65},"end":{"line":147,"column":89}},"type":"binary-expr","locations":[{"start":{"line":147,"column":65},"end":{"line":147,"column":81}},{"start":{"line":147,"column":85},"end":{"line":147,"column":89}}],"line":147},"20":{"loc":{"start":{"line":150,"column":13},"end":{"line":150,"column":101}},"type":"cond-expr","locations":[{"start":{"line":150,"column":33},"end":{"line":150,"column":72}},{"start":{"line":150,"column":75},"end":{"line":150,"column":101}}],"line":150},"21":{"loc":{"start":{"line":152,"column":11},"end":{"line":164,"column":11}},"type":"binary-expr","locations":[{"start":{"line":152,"column":11},"end":{"line":152,"column":24}},{"start":{"line":153,"column":12},"end":{"line":163,"column":22}}],"line":152},"22":{"loc":{"start":{"line":157,"column":31},"end":{"line":157,"column":100}},"type":"cond-expr","locations":[{"start":{"line":157,"column":51},"end":{"line":157,"column":57}},{"start":{"line":157,"column":60},"end":{"line":157,"column":100}}],"line":157},"23":{"loc":{"start":{"line":157,"column":75},"end":{"line":157,"column":99}},"type":"binary-expr","locations":[{"start":{"line":157,"column":75},"end":{"line":157,"column":91}},{"start":{"line":157,"column":95},"end":{"line":157,"column":99}}],"line":157},"24":{"loc":{"start":{"line":158,"column":27},"end":{"line":158,"column":80}},"type":"cond-expr","locations":[{"start":{"line":158,"column":47},"end":{"line":158,"column":64}},{"start":{"line":158,"column":67},"end":{"line":158,"column":80}}],"line":158},"25":{"loc":{"start":{"line":180,"column":11},"end":{"line":192,"column":11}},"type":"binary-expr","locations":[{"start":{"line":180,"column":11},"end":{"line":180,"column":24}},{"start":{"line":181,"column":12},"end":{"line":191,"column":14}}],"line":180},"26":{"loc":{"start":{"line":197,"column":41},"end":{"line":197,"column":78}},"type":"cond-expr","locations":[{"start":{"line":197,"column":63},"end":{"line":197,"column":69}},{"start":{"line":197,"column":72},"end":{"line":197,"column":78}}],"line":197},"27":{"loc":{"start":{"line":199,"column":15},"end":{"line":199,"column":74}},"type":"cond-expr","locations":[{"start":{"line":199,"column":37},"end":{"line":199,"column":53}},{"start":{"line":199,"column":56},"end":{"line":199,"column":74}}],"line":199},"28":{"loc":{"start":{"line":206,"column":7},"end":{"line":365,"column":7}},"type":"cond-expr","locations":[{"start":{"line":207,"column":8},"end":{"line":286,"column":14}},{"start":{"line":288,"column":8},"end":{"line":364,"column":16}}],"line":206},"29":{"loc":{"start":{"line":209,"column":31},"end":{"line":211,"column":48}},"type":"cond-expr","locations":[{"start":{"line":210,"column":14},"end":{"line":210,"column":55}},{"start":{"line":211,"column":14},"end":{"line":211,"column":48}}],"line":209},"30":{"loc":{"start":{"line":217,"column":29},"end":{"line":217,"column":47}},"type":"cond-expr","locations":[{"start":{"line":217,"column":42},"end":{"line":217,"column":43}},{"start":{"line":217,"column":46},"end":{"line":217,"column":47}}],"line":217},"31":{"loc":{"start":{"line":223,"column":28},"end":{"line":225,"column":45}},"type":"cond-expr","locations":[{"start":{"line":224,"column":22},"end":{"line":224,"column":66}},{"start":{"line":225,"column":22},"end":{"line":225,"column":45}}],"line":223},"32":{"loc":{"start":{"line":226,"column":29},"end":{"line":228,"column":40}},"type":"cond-expr","locations":[{"start":{"line":227,"column":22},"end":{"line":227,"column":58}},{"start":{"line":228,"column":22},"end":{"line":228,"column":40}}],"line":226},"33":{"loc":{"start":{"line":256,"column":35},"end":{"line":256,"column":64}},"type":"cond-expr","locations":[{"start":{"line":256,"column":48},"end":{"line":256,"column":55}},{"start":{"line":256,"column":58},"end":{"line":256,"column":64}}],"line":256},"34":{"loc":{"start":{"line":266,"column":19},"end":{"line":281,"column":19}},"type":"binary-expr","locations":[{"start":{"line":266,"column":19},"end":{"line":266,"column":28}},{"start":{"line":266,"column":32},"end":{"line":266,"column":37}},{"start":{"line":267,"column":20},"end":{"line":280,"column":28}}],"line":266},"35":{"loc":{"start":{"line":276,"column":35},"end":{"line":276,"column":67}},"type":"binary-expr","locations":[{"start":{"line":276,"column":35},"end":{"line":276,"column":62}},{"start":{"line":276,"column":66},"end":{"line":276,"column":67}}],"line":276},"36":{"loc":{"start":{"line":290,"column":31},"end":{"line":292,"column":48}},"type":"cond-expr","locations":[{"start":{"line":291,"column":14},"end":{"line":291,"column":55}},{"start":{"line":292,"column":14},"end":{"line":292,"column":48}}],"line":290},"37":{"loc":{"start":{"line":298,"column":29},"end":{"line":298,"column":47}},"type":"cond-expr","locations":[{"start":{"line":298,"column":42},"end":{"line":298,"column":43}},{"start":{"line":298,"column":46},"end":{"line":298,"column":47}}],"line":298},"38":{"loc":{"start":{"line":304,"column":28},"end":{"line":306,"column":45}},"type":"cond-expr","locations":[{"start":{"line":305,"column":22},"end":{"line":305,"column":66}},{"start":{"line":306,"column":22},"end":{"line":306,"column":45}}],"line":304},"39":{"loc":{"start":{"line":307,"column":29},"end":{"line":309,"column":35}},"type":"cond-expr","locations":[{"start":{"line":308,"column":22},"end":{"line":308,"column":58}},{"start":{"line":309,"column":22},"end":{"line":309,"column":35}}],"line":307},"40":{"loc":{"start":{"line":338,"column":23},"end":{"line":347,"column":23}},"type":"binary-expr","locations":[{"start":{"line":338,"column":23},"end":{"line":338,"column":32}},{"start":{"line":338,"column":36},"end":{"line":338,"column":41}},{"start":{"line":339,"column":24},"end":{"line":346,"column":27}}],"line":338},"41":{"loc":{"start":{"line":344,"column":30},"end":{"line":344,"column":62}},"type":"binary-expr","locations":[{"start":{"line":344,"column":30},"end":{"line":344,"column":57}},{"start":{"line":344,"column":61},"end":{"line":344,"column":62}}],"line":344},"42":{"loc":{"start":{"line":349,"column":23},"end":{"line":357,"column":23}},"type":"cond-expr","locations":[{"start":{"line":350,"column":24},"end":{"line":352,"column":26}},{"start":{"line":354,"column":24},"end":{"line":356,"column":26}}],"line":349},"43":{"loc":{"start":{"line":368,"column":7},"end":{"line":399,"column":7}},"type":"binary-expr","locations":[{"start":{"line":368,"column":7},"end":{"line":368,"column":24}},{"start":{"line":368,"column":28},"end":{"line":368,"column":56}},{"start":{"line":369,"column":8},"end":{"line":398,"column":14}}],"line":368},"44":{"loc":{"start":{"line":377,"column":21},"end":{"line":395,"column":15}},"type":"binary-expr","locations":[{"start":{"line":377,"column":21},"end":{"line":377,"column":29}},{"start":{"line":378,"column":16},"end":{"line":394,"column":18}}],"line":377},"45":{"loc":{"start":{"line":385,"column":46},"end":{"line":385,"column":91}},"type":"binary-expr","locations":[{"start":{"line":385,"column":46},"end":{"line":385,"column":86}},{"start":{"line":385,"column":90},"end":{"line":385,"column":91}}],"line":385}},"s":{"0":3,"1":3,"2":3,"3":0,"4":0,"5":0,"6":0,"7":0,"8":0,"9":0,"10":0,"11":0,"12":0,"13":0,"14":0,"15":0,"16":0,"17":0,"18":0,"19":0,"20":0,"21":0,"22":0,"23":0,"24":0,"25":0,"26":0,"27":0,"28":0,"29":0,"30":0,"31":0,"32":0,"33":0,"34":0,"35":0,"36":0,"37":0,"38":0,"39":0,"40":0,"41":0,"42":0},"f":{"0":0,"1":0,"2":0,"3":0,"4":0,"5":0,"6":0,"7":0,"8":0,"9":0,"10":0,"11":0,"12":0,"13":0,"14":0},"b":{"0":[0],"1":[0],"2":[0],"3":[0,0],"4":[0,0],"5":[0,0],"6":[0,0],"7":[0,0],"8":[0,0],"9":[0,0],"10":[0,0],"11":[0,0],"12":[0,0],"13":[0,0],"14":[0,0],"15":[0,0],"16":[0,0],"17":[0,0],"18":[0,0],"19":[0,0],"20":[0,0],"21":[0,0],"22":[0,0],"23":[0,0],"24":[0,0],"25":[0,0],"26":[0,0],"27":[0,0],"28":[0,0],"29":[0,0],"30":[0,0],"31":[0,0],"32":[0,0],"33":[0,0],"34":[0,0,0],"35":[0,0],"36":[0,0],"37":[0,0],"38":[0,0],"39":[0,0],"40":[0,0,0],"41":[0,0],"42":[0,0],"43":[0,0,0],"44":[0,0],"45":[0,0]},"_coverageSchema":"1a1c01bbd47fc00a2c39e90264f33305004495a9","hash":"6a5bda7e45e6a7caf67326b42d608d2a50738d9d"}
,"/Users/chongraktanaka/Documents/Project/ris data scrap/frontend/src/components/scraping/CategorySelector.tsx": {"path":"/Users/chongraktanaka/Documents/Project/ris data scrap/frontend/src/components/scraping/CategorySelector.tsx","statementMap":{"0":{"start":{"line":44,"column":38},"end":{"line":44,"column":50}},"1":{"start":{"line":45,"column":42},"end":{"line":45,"column":56}},"2":{"start":{"line":47,"column":29},"end":{"line":57,"column":30}},"3":{"start":{"line":48,"column":4},"end":{"line":48,"column":39}},"4":{"start":{"line":48,"column":21},"end":{"line":48,"column":39}},"5":{"start":{"line":50,"column":17},"end":{"line":50,"column":41}},"6":{"start":{"line":51,"column":4},"end":{"line":56,"column":6}},"7":{"start":{"line":53,"column":8},"end":{"line":55,"column":45}},"8":{"start":{"line":59,"column":26},"end":{"line":61,"column":3}},"9":{"start":{"line":60,"column":4},"end":{"line":60,"column":62}},"10":{"start":{"line":60,"column":51},"end":{"line":60,"column":59}},"11":{"start":{"line":63,"column":27},"end":{"line":65,"column":3}},"12":{"start":{"line":64,"column":4},"end":{"line":64,"column":25}},"13":{"start":{"line":67,"column":31},"end":{"line":73,"column":3}},"14":{"start":{"line":68,"column":4},"end":{"line":72,"column":5}},"15":{"start":{"line":69,"column":6},"end":{"line":69,"column":81}},"16":{"start":{"line":69,"column":57},"end":{"line":69,"column":78}},"17":{"start":{"line":71,"column":6},"end":{"line":71,"column":62}},"18":{"start":{"line":75,"column":32},"end":{"line":80,"column":38}},"19":{"start":{"line":76,"column":4},"end":{"line":79,"column":10}},"20":{"start":{"line":77,"column":23},"end":{"line":77,"column":64}},"21":{"start":{"line":77,"column":46},"end":{"line":77,"column":63}},"22":{"start":{"line":78,"column":6},"end":{"line":78,"column":57}},"23":{"start":{"line":82,"column":24},"end":{"line":87,"column":29}},"24":{"start":{"line":84,"column":18},"end":{"line":84,"column":45}},"25":{"start":{"line":85,"column":4},"end":{"line":85,"column":63}},"26":{"start":{"line":85,"column":19},"end":{"line":85,"column":63}},"27":{"start":{"line":86,"column":4},"end":{"line":86,"column":41}},"28":{"start":{"line":89,"column":22},"end":{"line":90,"column":74}},"29":{"start":{"line":90,"column":36},"end":{"line":90,"column":73}},"30":{"start":{"line":91,"column":23},"end":{"line":91,"column":92}},"31":{"start":{"line":91,"column":54},"end":{"line":91,"column":91}},"32":{"start":{"line":93,"column":2},"end":{"line":212,"column":4}},"33":{"start":{"line":107,"column":27},"end":{"line":107,"column":56}},"34":{"start":{"line":153,"column":14},"end":{"line":198,"column":21}},"35":{"start":{"line":168,"column":33},"end":{"line":168,"column":68}},"36":{"start":{"line":173,"column":38},"end":{"line":173,"column":73}},"37":{"start":{"line":174,"column":38},"end":{"line":174,"column":57}}},"fnMap":{"0":{"name":"CategorySelector","decl":{"start":{"line":38,"column":24},"end":{"line":38,"column":40}},"loc":{"start":{"line":43,"column":26},"end":{"line":213,"column":1}},"line":43},"1":{"name":"(anonymous_1)","decl":{"start":{"line":47,"column":37},"end":{"line":47,"column":38}},"loc":{"start":{"line":47,"column":43},"end":{"line":57,"column":3}},"line":47},"2":{"name":"(anonymous_2)","decl":{"start":{"line":52,"column":6},"end":{"line":52,"column":7}},"loc":{"start":{"line":53,"column":8},"end":{"line":55,"column":45}},"line":53},"3":{"name":"(anonymous_3)","decl":{"start":{"line":59,"column":26},"end":{"line":59,"column":27}},"loc":{"start":{"line":59,"column":32},"end":{"line":61,"column":3}},"line":59},"4":{"name":"(anonymous_4)","decl":{"start":{"line":60,"column":44},"end":{"line":60,"column":45}},"loc":{"start":{"line":60,"column":51},"end":{"line":60,"column":59}},"line":60},"5":{"name":"(anonymous_5)","decl":{"start":{"line":63,"column":27},"end":{"line":63,"column":28}},"loc":{"start":{"line":63,"column":33},"end":{"line":65,"column":3}},"line":63},"6":{"name":"(anonymous_6)","decl":{"start":{"line":67,"column":31},"end":{"line":67,"column":32}},"loc":{"start":{"line":67,"column":57},"end":{"line":73,"column":3}},"line":67},"7":{"name":"(anonymous_7)","decl":{"start":{"line":69,"column":49},"end":{"line":69,"column":50}},"loc":{"start":{"line":69,"column":57},"end":{"line":69,"column":78}},"line":69},"8":{"name":"(anonymous_8)","decl":{"start":{"line":75,"column":40},"end":{"line":75,"column":41}},"loc":{"start":{"line":75,"column":46},"end":{"line":80,"column":3}},"line":75},"9":{"name":"(anonymous_9)","decl":{"start":{"line":76,"column":37},"end":{"line":76,"column":38}},"loc":{"start":{"line":76,"column":54},"end":{"line":79,"column":5}},"line":76},"10":{"name":"(anonymous_10)","decl":{"start":{"line":77,"column":39},"end":{"line":77,"column":40}},"loc":{"start":{"line":77,"column":46},"end":{"line":77,"column":63}},"line":77},"11":{"name":"(anonymous_11)","decl":{"start":{"line":82,"column":32},"end":{"line":82,"column":33}},"loc":{"start":{"line":82,"column":38},"end":{"line":87,"column":3}},"line":82},"12":{"name":"(anonymous_12)","decl":{"start":{"line":90,"column":29},"end":{"line":90,"column":30}},"loc":{"start":{"line":90,"column":36},"end":{"line":90,"column":73}},"line":90},"13":{"name":"(anonymous_13)","decl":{"start":{"line":91,"column":47},"end":{"line":91,"column":48}},"loc":{"start":{"line":91,"column":54},"end":{"line":91,"column":91}},"line":91},"14":{"name":"(anonymous_14)","decl":{"start":{"line":107,"column":20},"end":{"line":107,"column":21}},"loc":{"start":{"line":107,"column":27},"end":{"line":107,"column":56}},"line":107},"15":{"name":"(anonymous_15)","decl":{"start":{"line":152,"column":36},"end":{"line":152,"column":37}},"loc":{"start":{"line":153,"column":14},"end":{"line":198,"column":21}},"line":153},"16":{"name":"(anonymous_16)","decl":{"start":{"line":168,"column":27},"end":{"line":168,"column":28}},"loc":{"start":{"line":168,"column":33},"end":{"line":168,"column":68}},"line":168},"17":{"name":"(anonymous_17)","decl":{"start":{"line":173,"column":32},"end":{"line":173,"column":33}},"loc":{"start":{"line":173,"column":38},"end":{"line":173,"column":73}},"line":173},"18":{"name":"(anonymous_18)","decl":{"start":{"line":174,"column":31},"end":{"line":174,"column":32}},"loc":{"start":{"line":174,"column":38},"end":{"line":174,"column":57}},"line":174}},"branchMap":{"0":{"loc":{"start":{"line":48,"column":4},"end":{"line":48,"column":39}},"type":"if","locations":[{"start":{"line":48,"column":4},"end":{"line":48,"column":39}},{"start":{},"end":{}}],"line":48},"1":{"loc":{"start":{"line":53,"column":8},"end":{"line":55,"column":45}},"type":"binary-expr","locations":[{"start":{"line":53,"column":8},"end":{"line":53,"column":45}},{"start":{"line":54,"column":8},"end":{"line":54,"column":48}},{"start":{"line":55,"column":8},"end":{"line":55,"column":45}}],"line":53},"2":{"loc":{"start":{"line":68,"column":4},"end":{"line":72,"column":5}},"type":"if","locations":[{"start":{"line":68,"column":4},"end":{"line":72,"column":5}},{"start":{"line":70,"column":11},"end":{"line":72,"column":5}}],"line":68},"3":{"loc":{"start":{"line":78,"column":22},"end":{"line":78,"column":55}},"type":"binary-expr","locations":[{"start":{"line":78,"column":22},"end":{"line":78,"column":50}},{"start":{"line":78,"column":54},"end":{"line":78,"column":55}}],"line":78},"4":{"loc":{"start":{"line":85,"column":4},"end":{"line":85,"column":63}},"type":"if","locations":[{"start":{"line":85,"column":4},"end":{"line":85,"column":63}},{"start":{},"end":{}}],"line":85},"5":{"loc":{"start":{"line":89,"column":22},"end":{"line":90,"column":74}},"type":"binary-expr","locations":[{"start":{"line":89,"column":22},"end":{"line":89,"column":51}},{"start":{"line":90,"column":4},"end":{"line":90,"column":74}}],"line":89},"6":{"loc":{"start":{"line":158,"column":29},"end":{"line":160,"column":42}},"type":"cond-expr","locations":[{"start":{"line":159,"column":24},"end":{"line":159,"column":41}},{"start":{"line":160,"column":24},"end":{"line":160,"column":42}}],"line":158},"7":{"loc":{"start":{"line":162,"column":31},"end":{"line":164,"column":40}},"type":"cond-expr","locations":[{"start":{"line":163,"column":26},"end":{"line":163,"column":43}},{"start":{"line":164,"column":26},"end":{"line":164,"column":40}}],"line":162},"8":{"loc":{"start":{"line":184,"column":23},"end":{"line":188,"column":23}},"type":"binary-expr","locations":[{"start":{"line":184,"column":23},"end":{"line":184,"column":50}},{"start":{"line":185,"column":24},"end":{"line":187,"column":37}}],"line":184},"9":{"loc":{"start":{"line":203,"column":9},"end":{"line":209,"column":9}},"type":"binary-expr","locations":[{"start":{"line":203,"column":9},"end":{"line":203,"column":40}},{"start":{"line":204,"column":10},"end":{"line":208,"column":16}}],"line":203}},"s":{"0":0,"1":0,"2":0,"3":0,"4":0,"5":0,"6":0,"7":0,"8":0,"9":0,"10":0,"11":0,"12":0,"13":0,"14":0,"15":0,"16":0,"17":0,"18":0,"19":0,"20":0,"21":0,"22":0,"23":0,"24":0,"25":0,"26":0,"27":0,"28":0,"29":0,"30":0,"31":0,"32":0,"33":0,"34":0,"35":0,"36":0,"37":0},"f":{"0":0,"1":0,"2":0,"3":0,"4":0,"5":0,"6":0,"7":0,"8":0,"9":0,"10":0,"11":0,"12":0,"13":0,"14":0,"15":0,"16":0,"17":0,"18":0},"b":{"0":[0,0],"1":[0,0,0],"2":[0,0],"3":[0,0],"4":[0,0],"5":[0,0],"6":[0,0],"7":[0,0],"8":[0,0],"9":[0,0]}}
,"/Users/chongraktanaka/Documents/Project/ris data scrap/frontend/src/components/scraping/JobProgressCard.tsx": {"path":"/Users/chongraktanaka/Documents/Project/ris data scrap/frontend/src/components/scraping/JobProgressCard.tsx","statementMap":{"0":{"start":{"line":61,"column":20},"end":{"line":66,"column":1}},"1":{"start":{"line":68,"column":21},"end":{"line":73,"column":10}},"2":{"start":{"line":80,"column":34},"end":{"line":80,"column":65}},"3":{"start":{"line":82,"column":26},"end":{"line":84,"column":7}},"4":{"start":{"line":86,"column":22},"end":{"line":88,"column":7}},"5":{"start":{"line":90,"column":25},"end":{"line":102,"column":3}},"6":{"start":{"line":91,"column":4},"end":{"line":91,"column":37}},"7":{"start":{"line":91,"column":25},"end":{"line":91,"column":37}},"8":{"start":{"line":92,"column":18},"end":{"line":92,"column":42}},"9":{"start":{"line":93,"column":16},"end":{"line":93,"column":74}},"10":{"start":{"line":94,"column":20},"end":{"line":94,"column":51}},"11":{"start":{"line":95,"column":20},"end":{"line":95,"column":47}},"12":{"start":{"line":96,"column":18},"end":{"line":96,"column":42}},"13":{"start":{"line":98,"column":4},"end":{"line":100,"column":5}},"14":{"start":{"line":99,"column":6},"end":{"line":99,"column":42}},"15":{"start":{"line":101,"column":4},"end":{"line":101,"column":25}},"16":{"start":{"line":104,"column":36},"end":{"line":119,"column":3}},"17":{"start":{"line":105,"column":4},"end":{"line":105,"column":78}},"18":{"start":{"line":105,"column":66},"end":{"line":105,"column":78}},"19":{"start":{"line":107,"column":22},"end":{"line":107,"column":80}},"20":{"start":{"line":108,"column":30},"end":{"line":108,"column":64}},"21":{"start":{"line":109,"column":30},"end":{"line":109,"column":73}},"22":{"start":{"line":110,"column":24},"end":{"line":110,"column":61}},"23":{"start":{"line":112,"column":20},"end":{"line":112,"column":50}},"24":{"start":{"line":113,"column":18},"end":{"line":113,"column":42}},"25":{"start":{"line":115,"column":4},"end":{"line":117,"column":5}},"26":{"start":{"line":116,"column":6},"end":{"line":116,"column":53}},"27":{"start":{"line":118,"column":4},"end":{"line":118,"column":36}},"28":{"start":{"line":121,"column":2},"end":{"line":274,"column":4}},"29":{"start":{"line":165,"column":33},"end":{"line":165,"column":49}},"30":{"start":{"line":174,"column":29},"end":{"line":174,"column":51}},"31":{"start":{"line":238,"column":39},"end":{"line":240,"column":19}},"32":{"start":{"line":242,"column":14},"end":{"line":268,"column":16}}},"fnMap":{"0":{"name":"JobProgressCard","decl":{"start":{"line":75,"column":24},"end":{"line":75,"column":39}},"loc":{"start":{"line":79,"column":25},"end":{"line":275,"column":1}},"line":79},"1":{"name":"(anonymous_1)","decl":{"start":{"line":90,"column":25},"end":{"line":90,"column":26}},"loc":{"start":{"line":90,"column":31},"end":{"line":102,"column":3}},"line":90},"2":{"name":"(anonymous_2)","decl":{"start":{"line":104,"column":36},"end":{"line":104,"column":37}},"loc":{"start":{"line":104,"column":42},"end":{"line":119,"column":3}},"line":104},"3":{"name":"(anonymous_3)","decl":{"start":{"line":165,"column":27},"end":{"line":165,"column":28}},"loc":{"start":{"line":165,"column":33},"end":{"line":165,"column":49}},"line":165},"4":{"name":"(anonymous_4)","decl":{"start":{"line":174,"column":23},"end":{"line":174,"column":24}},"loc":{"start":{"line":174,"column":29},"end":{"line":174,"column":51}},"line":174},"5":{"name":"(anonymous_5)","decl":{"start":{"line":237,"column":32},"end":{"line":237,"column":33}},"loc":{"start":{"line":237,"column":46},"end":{"line":269,"column":13}},"line":237}},"branchMap":{"0":{"loc":{"start":{"line":78,"column":12},"end":{"line":78,"column":35}},"type":"default-arg","locations":[{"start":{"line":78,"column":30},"end":{"line":78,"column":35}}],"line":78},"1":{"loc":{"start":{"line":82,"column":26},"end":{"line":84,"column":7}},"type":"cond-expr","locations":[{"start":{"line":83,"column":6},"end":{"line":83,"column":57}},{"start":{"line":84,"column":6},"end":{"line":84,"column":7}}],"line":82},"2":{"loc":{"start":{"line":86,"column":22},"end":{"line":88,"column":7}},"type":"cond-expr","locations":[{"start":{"line":87,"column":6},"end":{"line":87,"column":59}},{"start":{"line":88,"column":6},"end":{"line":88,"column":7}}],"line":86},"3":{"loc":{"start":{"line":91,"column":4},"end":{"line":91,"column":37}},"type":"if","locations":[{"start":{"line":91,"column":4},"end":{"line":91,"column":37}},{"start":{},"end":{}}],"line":91},"4":{"loc":{"start":{"line":93,"column":16},"end":{"line":93,"column":74}},"type":"cond-expr","locations":[{"start":{"line":93,"column":35},"end":{"line":93,"column":61}},{"start":{"line":93,"column":64},"end":{"line":93,"column":74}}],"line":93},"5":{"loc":{"start":{"line":98,"column":4},"end":{"line":100,"column":5}},"type":"if","locations":[{"start":{"line":98,"column":4},"end":{"line":100,"column":5}},{"start":{},"end":{}}],"line":98},"6":{"loc":{"start":{"line":105,"column":4},"end":{"line":105,"column":78}},"type":"if","locations":[{"start":{"line":105,"column":4},"end":{"line":105,"column":78}},{"start":{},"end":{}}],"line":105},"7":{"loc":{"start":{"line":105,"column":8},"end":{"line":105,"column":64}},"type":"binary-expr","locations":[{"start":{"line":105,"column":8},"end":{"line":105,"column":32}},{"start":{"line":105,"column":36},"end":{"line":105,"column":64}}],"line":105},"8":{"loc":{"start":{"line":115,"column":4},"end":{"line":117,"column":5}},"type":"if","locations":[{"start":{"line":115,"column":4},"end":{"line":117,"column":5}},{"start":{},"end":{}}],"line":115},"9":{"loc":{"start":{"line":125,"column":16},"end":{"line":125,"column":48}},"type":"cond-expr","locations":[{"start":{"line":125,"column":43},"end":{"line":125,"column":44}},{"start":{"line":125,"column":47},"end":{"line":125,"column":48}}],"line":125},"10":{"loc":{"start":{"line":126,"column":21},"end":{"line":126,"column":74}},"type":"cond-expr","locations":[{"start":{"line":126,"column":48},"end":{"line":126,"column":62}},{"start":{"line":126,"column":65},"end":{"line":126,"column":74}}],"line":126},"11":{"loc":{"start":{"line":142,"column":13},"end":{"line":149,"column":13}},"type":"binary-expr","locations":[{"start":{"line":142,"column":13},"end":{"line":142,"column":37}},{"start":{"line":143,"column":14},"end":{"line":148,"column":20}}],"line":142},"12":{"loc":{"start":{"line":153,"column":13},"end":{"line":160,"column":13}},"type":"binary-expr","locations":[{"start":{"line":153,"column":13},"end":{"line":153,"column":29}},{"start":{"line":154,"column":14},"end":{"line":159,"column":16}}],"line":153},"13":{"loc":{"start":{"line":161,"column":13},"end":{"line":171,"column":13}},"type":"binary-expr","locations":[{"start":{"line":161,"column":13},"end":{"line":161,"column":37}},{"start":{"line":161,"column":41},"end":{"line":161,"column":49}},{"start":{"line":162,"column":14},"end":{"line":170,"column":24}}],"line":161},"14":{"loc":{"start":{"line":176,"column":15},"end":{"line":176,"column":65}},"type":"cond-expr","locations":[{"start":{"line":176,"column":26},"end":{"line":176,"column":44}},{"start":{"line":176,"column":47},"end":{"line":176,"column":65}}],"line":176},"15":{"loc":{"start":{"line":195,"column":11},"end":{"line":199,"column":11}},"type":"binary-expr","locations":[{"start":{"line":195,"column":11},"end":{"line":195,"column":35}},{"start":{"line":195,"column":39},"end":{"line":195,"column":66}},{"start":{"line":196,"column":12},"end":{"line":198,"column":25}}],"line":195},"16":{"loc":{"start":{"line":222,"column":44},"end":{"line":222,"column":94}},"type":"cond-expr","locations":[{"start":{"line":222,"column":63},"end":{"line":222,"column":77}},{"start":{"line":222,"column":80},"end":{"line":222,"column":94}}],"line":222},"17":{"loc":{"start":{"line":238,"column":39},"end":{"line":240,"column":19}},"type":"cond-expr","locations":[{"start":{"line":239,"column":18},"end":{"line":239,"column":61}},{"start":{"line":240,"column":18},"end":{"line":240,"column":19}}],"line":238}},"s":{"0":0,"1":0,"2":0,"3":0,"4":0,"5":0,"6":0,"7":0,"8":0,"9":0,"10":0,"11":0,"12":0,"13":0,"14":0,"15":0,"16":0,"17":0,"18":0,"19":0,"20":0,"21":0,"22":0,"23":0,"24":0,"25":0,"26":0,"27":0,"28":0,"29":0,"30":0,"31":0,"32":0},"f":{"0":0,"1":0,"2":0,"3":0,"4":0,"5":0},"b":{"0":[0],"1":[0,0],"2":[0,0],"3":[0,0],"4":[0,0],"5":[0,0],"6":[0,0],"7":[0,0],"8":[0,0],"9":[0,0],"10":[0,0],"11":[0,0],"12":[0,0],"13":[0,0,0],"14":[0,0],"15":[0,0,0],"16":[0,0],"17":[0,0]}}
,"/Users/chongraktanaka/Documents/Project/ris data scrap/frontend/src/components/scraping/RetailerSelector.tsx": {"path":"/Users/chongraktanaka/Documents/Project/ris data scrap/frontend/src/components/scraping/RetailerSelector.tsx","statementMap":{"0":{"start":{"line":37,"column":58},"end":{"line":44,"column":1}},"1":{"start":{"line":46,"column":47},"end":{"line":53,"column":1}},"2":{"start":{"line":60,"column":2},"end":{"line":167,"column":4}},"3":{"start":{"line":71,"column":10},"end":{"line":163,"column":17}},"4":{"start":{"line":89,"column":33},"end":{"line":89,"column":64}},"5":{"start":{"line":125,"column":26},"end":{"line":131,"column":28}}},"fnMap":{"0":{"name":"RetailerSelector","decl":{"start":{"line":55,"column":24},"end":{"line":55,"column":40}},"loc":{"start":{"line":59,"column":26},"end":{"line":168,"column":1}},"line":59},"1":{"name":"(anonymous_1)","decl":{"start":{"line":70,"column":23},"end":{"line":70,"column":24}},"loc":{"start":{"line":71,"column":10},"end":{"line":163,"column":17}},"line":71},"2":{"name":"(anonymous_2)","decl":{"start":{"line":89,"column":27},"end":{"line":89,"column":28}},"loc":{"start":{"line":89,"column":33},"end":{"line":89,"column":64}},"line":89},"3":{"name":"(anonymous_3)","decl":{"start":{"line":124,"column":55},"end":{"line":124,"column":56}},"loc":{"start":{"line":125,"column":26},"end":{"line":131,"column":28}},"line":125}},"branchMap":{"0":{"loc":{"start":{"line":77,"column":26},"end":{"line":77,"column":68}},"type":"cond-expr","locations":[{"start":{"line":77,"column":63},"end":{"line":77,"column":64}},{"start":{"line":77,"column":67},"end":{"line":77,"column":68}}],"line":77},"1":{"loc":{"start":{"line":78,"column":31},"end":{"line":80,"column":31}},"type":"cond-expr","locations":[{"start":{"line":79,"column":22},"end":{"line":79,"column":51}},{"start":{"line":80,"column":22},"end":{"line":80,"column":31}}],"line":78},"2":{"loc":{"start":{"line":103,"column":25},"end":{"line":103,"column":70}},"type":"binary-expr","locations":[{"start":{"line":103,"column":25},"end":{"line":103,"column":53}},{"start":{"line":103,"column":57},"end":{"line":103,"column":70}}],"line":103},"3":{"loc":{"start":{"line":136,"column":21},"end":{"line":158,"column":21}},"type":"binary-expr","locations":[{"start":{"line":136,"column":21},"end":{"line":136,"column":55}},{"start":{"line":137,"column":22},"end":{"line":157,"column":28}}],"line":136}},"s":{"0":0,"1":0,"2":0,"3":0,"4":0,"5":0},"f":{"0":0,"1":0,"2":0,"3":0},"b":{"0":[0,0],"1":[0,0],"2":[0,0],"3":[0,0]}}
,"/Users/chongraktanaka/Documents/Project/ris data scrap/frontend/src/components/scraping/ScrapingWizard.tsx": {"path":"/Users/chongraktanaka/Documents/Project/ris data scrap/frontend/src/components/scraping/ScrapingWizard.tsx","statementMap":{"0":{"start":{"line":40,"column":14},"end":{"line":45,"column":1}},"1":{"start":{"line":84,"column":38},"end":{"line":84,"column":49}},"2":{"start":{"line":85,"column":50},"end":{"line":85,"column":79}},"3":{"start":{"line":86,"column":54},"end":{"line":86,"column":76}},"4":{"start":{"line":87,"column":34},"end":{"line":91,"column":4}},"5":{"start":{"line":94,"column":64},"end":{"line":100,"column":4}},"6":{"start":{"line":97,"column":23},"end":{"line":97,"column":49}},"7":{"start":{"line":98,"column":6},"end":{"line":98,"column":27}},"8":{"start":{"line":103,"column":66},"end":{"line":111,"column":4}},"9":{"start":{"line":106,"column":6},"end":{"line":106,"column":39}},"10":{"start":{"line":106,"column":29},"end":{"line":106,"column":39}},"11":{"start":{"line":107,"column":23},"end":{"line":107,"column":72}},"12":{"start":{"line":108,"column":6},"end":{"line":108,"column":27}},"13":{"start":{"line":113,"column":21},"end":{"line":127,"column":3}},"14":{"start":{"line":114,"column":4},"end":{"line":126,"column":5}},"15":{"start":{"line":116,"column":22},"end":{"line":122,"column":7}},"16":{"start":{"line":123,"column":6},"end":{"line":123,"column":24}},"17":{"start":{"line":125,"column":6},"end":{"line":125,"column":40}},"18":{"start":{"line":125,"column":30},"end":{"line":125,"column":38}},"19":{"start":{"line":129,"column":21},"end":{"line":131,"column":3}},"20":{"start":{"line":130,"column":4},"end":{"line":130,"column":38}},"21":{"start":{"line":130,"column":28},"end":{"line":130,"column":36}},"22":{"start":{"line":133,"column":21},"end":{"line":146,"column":3}},"23":{"start":{"line":134,"column":4},"end":{"line":145,"column":5}},"24":{"start":{"line":136,"column":8},"end":{"line":136,"column":34}},"25":{"start":{"line":138,"column":8},"end":{"line":138,"column":45}},"26":{"start":{"line":140,"column":8},"end":{"line":140,"column":20}},"27":{"start":{"line":142,"column":8},"end":{"line":142,"column":20}},"28":{"start":{"line":144,"column":8},"end":{"line":144,"column":21}},"29":{"start":{"line":148,"column":25},"end":{"line":316,"column":3}},"30":{"start":{"line":149,"column":4},"end":{"line":315,"column":5}},"31":{"start":{"line":151,"column":8},"end":{"line":167,"column":10}},"32":{"start":{"line":170,"column":8},"end":{"line":187,"column":10}},"33":{"start":{"line":182,"column":52},"end":{"line":182,"column":79}},"34":{"start":{"line":190,"column":8},"end":{"line":247,"column":10}},"35":{"start":{"line":207,"column":44},"end":{"line":207,"column":99}},"36":{"start":{"line":228,"column":39},"end":{"line":228,"column":93}},"37":{"start":{"line":250,"column":25},"end":{"line":250,"column":85}},"38":{"start":{"line":250,"column":57},"end":{"line":250,"column":84}},"39":{"start":{"line":251,"column":29},"end":{"line":251,"column":104}},"40":{"start":{"line":251,"column":66},"end":{"line":251,"column":103}},"41":{"start":{"line":252,"column":30},"end":{"line":252,"column":121}},"42":{"start":{"line":252,"column":82},"end":{"line":252,"column":117}},"43":{"start":{"line":253,"column":31},"end":{"line":253,"column":50}},"44":{"start":{"line":255,"column":8},"end":{"line":311,"column":10}},"45":{"start":{"line":277,"column":20},"end":{"line":277,"column":79}},"46":{"start":{"line":314,"column":8},"end":{"line":314,"column":20}},"47":{"start":{"line":318,"column":2},"end":{"line":388,"column":4}},"48":{"start":{"line":336,"column":12},"end":{"line":357,"column":19}},"49":{"start":{"line":339,"column":18},"end":{"line":352,"column":24}}},"fnMap":{"0":{"name":"ScrapingWizard","decl":{"start":{"line":78,"column":24},"end":{"line":78,"column":38}},"loc":{"start":{"line":83,"column":24},"end":{"line":389,"column":1}},"line":83},"1":{"name":"(anonymous_1)","decl":{"start":{"line":96,"column":13},"end":{"line":96,"column":14}},"loc":{"start":{"line":96,"column":25},"end":{"line":99,"column":5}},"line":96},"2":{"name":"(anonymous_2)","decl":{"start":{"line":105,"column":13},"end":{"line":105,"column":14}},"loc":{"start":{"line":105,"column":25},"end":{"line":109,"column":5}},"line":105},"3":{"name":"(anonymous_3)","decl":{"start":{"line":113,"column":21},"end":{"line":113,"column":22}},"loc":{"start":{"line":113,"column":27},"end":{"line":127,"column":3}},"line":113},"4":{"name":"(anonymous_4)","decl":{"start":{"line":125,"column":20},"end":{"line":125,"column":21}},"loc":{"start":{"line":125,"column":30},"end":{"line":125,"column":38}},"line":125},"5":{"name":"(anonymous_5)","decl":{"start":{"line":129,"column":21},"end":{"line":129,"column":22}},"loc":{"start":{"line":129,"column":27},"end":{"line":131,"column":3}},"line":129},"6":{"name":"(anonymous_6)","decl":{"start":{"line":130,"column":18},"end":{"line":130,"column":19}},"loc":{"start":{"line":130,"column":28},"end":{"line":130,"column":36}},"line":130},"7":{"name":"(anonymous_7)","decl":{"start":{"line":133,"column":21},"end":{"line":133,"column":22}},"loc":{"start":{"line":133,"column":27},"end":{"line":146,"column":3}},"line":133},"8":{"name":"(anonymous_8)","decl":{"start":{"line":148,"column":25},"end":{"line":148,"column":26}},"loc":{"start":{"line":148,"column":31},"end":{"line":316,"column":3}},"line":148},"9":{"name":"(anonymous_9)","decl":{"start":{"line":182,"column":47},"end":{"line":182,"column":48}},"loc":{"start":{"line":182,"column":52},"end":{"line":182,"column":79}},"line":182},"10":{"name":"(anonymous_10)","decl":{"start":{"line":207,"column":30},"end":{"line":207,"column":31}},"loc":{"start":{"line":207,"column":44},"end":{"line":207,"column":99}},"line":207},"11":{"name":"(anonymous_11)","decl":{"start":{"line":228,"column":32},"end":{"line":228,"column":33}},"loc":{"start":{"line":228,"column":39},"end":{"line":228,"column":93}},"line":228},"12":{"name":"(anonymous_12)","decl":{"start":{"line":250,"column":40},"end":{"line":250,"column":41}},"loc":{"start":{"line":250,"column":57},"end":{"line":250,"column":84}},"line":250},"13":{"name":"(anonymous_13)","decl":{"start":{"line":251,"column":47},"end":{"line":251,"column":48}},"loc":{"start":{"line":251,"column":66},"end":{"line":251,"column":103}},"line":251},"14":{"name":"(anonymous_14)","decl":{"start":{"line":252,"column":50},"end":{"line":252,"column":51}},"loc":{"start":{"line":252,"column":82},"end":{"line":252,"column":117}},"line":252},"15":{"name":"(anonymous_15)","decl":{"start":{"line":276,"column":36},"end":{"line":276,"column":37}},"loc":{"start":{"line":277,"column":20},"end":{"line":277,"column":79}},"line":277},"16":{"name":"(anonymous_16)","decl":{"start":{"line":335,"column":21},"end":{"line":335,"column":22}},"loc":{"start":{"line":336,"column":12},"end":{"line":357,"column":19}},"line":336},"17":{"name":"(anonymous_17)","decl":{"start":{"line":338,"column":35},"end":{"line":338,"column":36}},"loc":{"start":{"line":339,"column":18},"end":{"line":352,"column":24}},"line":339}},"branchMap":{"0":{"loc":{"start":{"line":82,"column":2},"end":{"line":82,"column":22}},"type":"default-arg","locations":[{"start":{"line":82,"column":17},"end":{"line":82,"column":22}}],"line":82},"1":{"loc":{"start":{"line":94,"column":16},"end":{"line":94,"column":30}},"type":"default-arg","locations":[{"start":{"line":94,"column":28},"end":{"line":94,"column":30}}],"line":94},"2":{"loc":{"start":{"line":103,"column":16},"end":{"line":103,"column":31}},"type":"default-arg","locations":[{"start":{"line":103,"column":29},"end":{"line":103,"column":31}}],"line":103},"3":{"loc":{"start":{"line":106,"column":6},"end":{"line":106,"column":39}},"type":"if","locations":[{"start":{"line":106,"column":6},"end":{"line":106,"column":39}},{"start":{},"end":{}}],"line":106},"4":{"loc":{"start":{"line":114,"column":4},"end":{"line":126,"column":5}},"type":"if","locations":[{"start":{"line":114,"column":4},"end":{"line":126,"column":5}},{"start":{"line":124,"column":11},"end":{"line":126,"column":5}}],"line":114},"5":{"loc":{"start":{"line":134,"column":4},"end":{"line":145,"column":5}},"type":"switch","locations":[{"start":{"line":135,"column":6},"end":{"line":136,"column":34}},{"start":{"line":137,"column":6},"end":{"line":138,"column":45}},{"start":{"line":139,"column":6},"end":{"line":140,"column":20}},{"start":{"line":141,"column":6},"end":{"line":142,"column":20}},{"start":{"line":143,"column":6},"end":{"line":144,"column":21}}],"line":134},"6":{"loc":{"start":{"line":149,"column":4},"end":{"line":315,"column":5}},"type":"switch","locations":[{"start":{"line":150,"column":6},"end":{"line":167,"column":10}},{"start":{"line":169,"column":6},"end":{"line":187,"column":10}},{"start":{"line":189,"column":6},"end":{"line":247,"column":10}},{"start":{"line":249,"column":6},"end":{"line":311,"column":10}},{"start":{"line":313,"column":6},"end":{"line":314,"column":20}}],"line":149},"7":{"loc":{"start":{"line":154,"column":15},"end":{"line":164,"column":15}},"type":"cond-expr","locations":[{"start":{"line":155,"column":16},"end":{"line":157,"column":22}},{"start":{"line":159,"column":16},"end":{"line":163,"column":18}}],"line":154},"8":{"loc":{"start":{"line":173,"column":15},"end":{"line":184,"column":15}},"type":"cond-expr","locations":[{"start":{"line":174,"column":16},"end":{"line":176,"column":22}},{"start":{"line":178,"column":16},"end":{"line":183,"column":18}}],"line":173},"9":{"loc":{"start":{"line":182,"column":32},"end":{"line":182,"column":92}},"type":"binary-expr","locations":[{"start":{"line":182,"column":32},"end":{"line":182,"column":86}},{"start":{"line":182,"column":90},"end":{"line":182,"column":92}}],"line":182},"10":{"loc":{"start":{"line":252,"column":89},"end":{"line":252,"column":116}},"type":"binary-expr","locations":[{"start":{"line":252,"column":89},"end":{"line":252,"column":111}},{"start":{"line":252,"column":115},"end":{"line":252,"column":116}}],"line":252},"11":{"loc":{"start":{"line":297,"column":40},"end":{"line":299,"column":61}},"type":"cond-expr","locations":[{"start":{"line":298,"column":24},"end":{"line":298,"column":68}},{"start":{"line":299,"column":24},"end":{"line":299,"column":61}}],"line":297},"12":{"loc":{"start":{"line":304,"column":15},"end":{"line":308,"column":15}},"type":"binary-expr","locations":[{"start":{"line":304,"column":15},"end":{"line":304,"column":27}},{"start":{"line":305,"column":16},"end":{"line":307,"column":24}}],"line":304},"13":{"loc":{"start":{"line":347,"column":31},"end":{"line":347,"column":80}},"type":"cond-expr","locations":[{"start":{"line":347,"column":53},"end":{"line":347,"column":67}},{"start":{"line":347,"column":70},"end":{"line":347,"column":80}}],"line":347},"14":{"loc":{"start":{"line":373,"column":20},"end":{"line":373,"column":52}},"type":"binary-expr","locations":[{"start":{"line":373,"column":20},"end":{"line":373,"column":36}},{"start":{"line":373,"column":40},"end":{"line":373,"column":52}}],"line":373},"15":{"loc":{"start":{"line":381,"column":20},"end":{"line":381,"column":49}},"type":"binary-expr","locations":[{"start":{"line":381,"column":20},"end":{"line":381,"column":33}},{"start":{"line":381,"column":37},"end":{"line":381,"column":49}}],"line":381},"16":{"loc":{"start":{"line":382,"column":19},"end":{"line":382,"column":93}},"type":"cond-expr","locations":[{"start":{"line":382,"column":53},"end":{"line":382,"column":70}},{"start":{"line":382,"column":73},"end":{"line":382,"column":93}}],"line":382},"17":{"loc":{"start":{"line":384,"column":11},"end":{"line":384,"column":70}},"type":"cond-expr","locations":[{"start":{"line":384,"column":45},"end":{"line":384,"column":61}},{"start":{"line":384,"column":64},"end":{"line":384,"column":70}}],"line":384}},"s":{"0":0,"1":0,"2":0,"3":0,"4":0,"5":0,"6":0,"7":0,"8":0,"9":0,"10":0,"11":0,"12":0,"13":0,"14":0,"15":0,"16":0,"17":0,"18":0,"19":0,"20":0,"21":0,"22":0,"23":0,"24":0,"25":0,"26":0,"27":0,"28":0,"29":0,"30":0,"31":0,"32":0,"33":0,"34":0,"35":0,"36":0,"37":0,"38":0,"39":0,"40":0,"41":0,"42":0,"43":0,"44":0,"45":0,"46":0,"47":0,"48":0,"49":0},"f":{"0":0,"1":0,"2":0,"3":0,"4":0,"5":0,"6":0,"7":0,"8":0,"9":0,"10":0,"11":0,"12":0,"13":0,"14":0,"15":0,"16":0,"17":0},"b":{"0":[0],"1":[0],"2":[0],"3":[0,0],"4":[0,0],"5":[0,0,0,0,0],"6":[0,0,0,0,0],"7":[0,0],"8":[0,0],"9":[0,0],"10":[0,0],"11":[0,0],"12":[0,0],"13":[0,0],"14":[0,0],"15":[0,0],"16":[0,0],"17":[0,0]}}
,"/Users/chongraktanaka/Documents/Project/ris data scrap/frontend/src/contexts/RetailerContext.tsx": {"path":"/Users/chongraktanaka/Documents/Project/ris data scrap/frontend/src/contexts/RetailerContext.tsx","statementMap":{"0":{"start":{"line":63,"column":24},"end":{"line":63,"column":81}},"1":{"start":{"line":65,"column":27},"end":{"line":71,"column":1}},"2":{"start":{"line":66,"column":18},"end":{"line":66,"column":45}},"3":{"start":{"line":67,"column":2},"end":{"line":69,"column":3}},"4":{"start":{"line":68,"column":4},"end":{"line":68,"column":74}},"5":{"start":{"line":70,"column":2},"end":{"line":70,"column":17}},"6":{"start":{"line":77,"column":65},"end":{"line":192,"column":1}},"7":{"start":{"line":79,"column":50},"end":{"line":79,"column":79}},"8":{"start":{"line":80,"column":52},"end":{"line":80,"column":67}},"9":{"start":{"line":81,"column":52},"end":{"line":81,"column":78}},"10":{"start":{"line":84,"column":24},"end":{"line":84,"column":37}},"11":{"start":{"line":87,"column":66},"end":{"line":94,"column":4}},"12":{"start":{"line":90,"column":23},"end":{"line":90,"column":49}},"13":{"start":{"line":91,"column":6},"end":{"line":91,"column":27}},"14":{"start":{"line":97,"column":66},"end":{"line":104,"column":4}},"15":{"start":{"line":100,"column":23},"end":{"line":100,"column":53}},"16":{"start":{"line":101,"column":6},"end":{"line":101,"column":27}},"17":{"start":{"line":107,"column":28},"end":{"line":109,"column":3}},"18":{"start":{"line":108,"column":4},"end":{"line":108,"column":74}},"19":{"start":{"line":108,"column":50},"end":{"line":108,"column":72}},"20":{"start":{"line":111,"column":27},"end":{"line":113,"column":3}},"21":{"start":{"line":112,"column":4},"end":{"line":112,"column":77}},"22":{"start":{"line":112,"column":56},"end":{"line":112,"column":75}},"23":{"start":{"line":115,"column":29},"end":{"line":117,"column":17}},"24":{"start":{"line":116,"column":4},"end":{"line":116,"column":72}},"25":{"start":{"line":116,"column":52},"end":{"line":116,"column":70}},"26":{"start":{"line":120,"column":2},"end":{"line":134,"column":18}},"27":{"start":{"line":121,"column":4},"end":{"line":132,"column":5}},"28":{"start":{"line":122,"column":6},"end":{"line":122,"column":35}},"29":{"start":{"line":125,"column":6},"end":{"line":131,"column":7}},"30":{"start":{"line":126,"column":32},"end":{"line":126,"column":52}},"31":{"start":{"line":127,"column":32},"end":{"line":127,"column":96}},"32":{"start":{"line":127,"column":58},"end":{"line":127,"column":73}},"33":{"start":{"line":128,"column":8},"end":{"line":130,"column":9}},"34":{"start":{"line":129,"column":10},"end":{"line":129,"column":52}},"35":{"start":{"line":137,"column":2},"end":{"line":160,"column":64}},"36":{"start":{"line":138,"column":4},"end":{"line":159,"column":5}},"37":{"start":{"line":140,"column":34},"end":{"line":140,"column":71}},"38":{"start":{"line":140,"column":64},"end":{"line":140,"column":70}},"39":{"start":{"line":142,"column":6},"end":{"line":150,"column":9}},"40":{"start":{"line":143,"column":27},"end":{"line":143,"column":43}},"41":{"start":{"line":144,"column":26},"end":{"line":144,"column":57}},"42":{"start":{"line":145,"column":8},"end":{"line":148,"column":9}},"43":{"start":{"line":146,"column":41},"end":{"line":146,"co
[...]
53":{"name":"(anonymous_53)","decl":{"start":{"line":183,"column":12},"end":{"line":183,"column":13}},"loc":{"start":{"line":185,"column":8},"end":{"line":185,"column":48}},"line":185},"54":{"name":"(anonymous_54)","decl":{"start":{"line":188,"column":18},"end":{"line":188,"column":19}},"loc":{"start":{"line":188,"column":45},"end":{"line":190,"column":4}},"line":188},"55":{"name":"(anonymous_55)","decl":{"start":{"line":193,"column":20},"end":{"line":193,"column":21}},"loc":{"start":{"line":197,"column":8},"end":{"line":197,"column":51}},"line":197},"56":{"name":"(anonymous_56)","decl":{"start":{"line":200,"column":18},"end":{"line":200,"column":19}},"loc":{"start":{"line":200,"column":42},"end":{"line":200,"column":86}},"line":200},"57":{"name":"(anonymous_57)","decl":{"start":{"line":203,"column":20},"end":{"line":203,"column":21}},"loc":{"start":{"line":203,"column":44},"end":{"line":203,"column":89}},"line":203},"58":{"name":"(anonymous_58)","decl":{"start":{"line":204,"column":22},"end":{"line":204,"column":23}},"loc":{"start":{"line":204,"column":46},"end":{"line":204,"column":93}},"line":204},"59":{"name":"(anonymous_59)","decl":{"start":{"line":207,"column":20},"end":{"line":207,"column":21}},"loc":{"start":{"line":208,"column":4},"end":{"line":208,"column":79}},"line":208},"60":{"name":"(anonymous_60)","decl":{"start":{"line":214,"column":10},"end":{"line":214,"column":11}},"loc":{"start":{"line":215,"column":4},"end":{"line":215,"column":48}},"line":215},"61":{"name":"(anonymous_61)","decl":{"start":{"line":218,"column":11},"end":{"line":218,"column":12}},"loc":{"start":{"line":218,"column":27},"end":{"line":218,"column":65}},"line":218},"62":{"name":"(anonymous_62)","decl":{"start":{"line":221,"column":10},"end":{"line":221,"column":11}},"loc":{"start":{"line":221,"column":25},"end":{"line":221,"column":64}},"line":221},"63":{"name":"(anonymous_63)","decl":{"start":{"line":224,"column":10},"end":{"line":224,"column":11}},"loc":{"start":{"line":224,"column":37},"end":{"line":224,"column":81}},"line":224},"64":{"name":"(anonymous_64)","decl":{"start":{"line":227,"column":10},"end":{"line":227,"column":11}},"loc":{"start":{"line":228,"column":4},"end":{"line":228,"column":81}},"line":228},"65":{"name":"(anonymous_65)","decl":{"start":{"line":231,"column":10},"end":{"line":231,"column":11}},"loc":{"start":{"line":231,"column":26},"end":{"line":231,"column":67}},"line":231},"66":{"name":"(anonymous_66)","decl":{"start":{"line":234,"column":14},"end":{"line":234,"column":15}},"loc":{"start":{"line":235,"column":4},"end":{"line":235,"column":62}},"line":235},"67":{"name":"(anonymous_67)","decl":{"start":{"line":238,"column":10},"end":{"line":238,"column":11}},"loc":{"start":{"line":238,"column":26},"end":{"line":238,"column":69}},"line":238},"68":{"name":"(anonymous_68)","decl":{"start":{"line":241,"column":12},"end":{"line":241,"column":13}},"loc":{"start":{"line":241,"column":18},"end":{"line":241,"column":64}},"line":241}},"branchMap":{"0":{"loc":{"start":{"line":3,"column":21},"end":{"line":3,"column":81}},"type":"binary-expr","locations":[{"start":{"line":3,"column":21},"end":{"line":3,"column":50}},{"start":{"line":3,"column":54},"end":{"line":3,"column":81}}],"line":3},"1":{"loc":{"start":{"line":18,"column":4},"end":{"line":20,"column":5}},"type":"if","locations":[{"start":{"line":18,"column":4},"end":{"line":20,"column":5}},{"start":{},"end":{}}],"line":18},"2":{"loc":{"start":{"line":44,"column":4},"end":{"line":48,"column":5}},"type":"if","locations":[{"start":{"line":44,"column":4},"end":{"line":48,"column":5}},{"start":{},"end":{}}],"line":44},"3":{"loc":{"start":{"line":51,"column":24},"end":{"line":51,"column":104}},"type":"binary-expr","locations":[{"start":{"line":51,"column":24},"end":{"line":51,"column":39}},{"start":{"line":51,"column":44},"end":{"line":51,"column":72}},{"start":{"line":51,"column":76},"end":{"line":51,"column":103}}],"line":51},"4":{"loc":{"start":{"line":53,"column":4},"end":{"line":67,"column":5}},"type":"if","locations":[{"start":{"line":53,"column":4},"end":{"line":67,"column":5}},{"start":{},"end":{}}],"line":53},"5":{"loc":{"start":{"line":53,"column":8},"end":{"line":53,"column":79}},"type":"binary-expr","locations":[{"start":{"line":53,"column":8},"end":{"line":53,"column":19}},{"start":{"line":53,"column":23},"end":{"line":53,"column":51}},{"start":{"line":53,"column":55},"end":{"line":53,"column":61}},{"start":{"line":53,"column":65},"end":{"line":53,"column":79}}],"line":53},"6":{"loc":{"start":{"line":70,"column":4},"end":{"line":72,"column":5}},"type":"if","locations":[{"start":{"line":70,"column":4},"end":{"line":72,"column":5}},{"start":{},"end":{}}],"line":70},"7":{"loc":{"start":{"line":82,"column":32},"end":{"line":82,"column":49}},"type":"default-arg","locations":[{"start":{"line":82,"column":47},"end":{"line":82,"column":49}}],"line":82},"8":{"loc":{"start":{"line":86,"column":12},"end":{"line":86,"column":63}},"type":"cond-expr","locations":[{"start":{"line":86,"column":27},"end":{"line":86,"column":58}},{"start":{"line":86,"column":61},"end":{"line":86,"column":63}}],"line":86},"9":{"loc":{"start":{"line":89,"column":12},"end":{"line":89,"column":63}},"type":"cond-expr","locations":[{"start":{"line":89,"column":27},"end":{"line":89,"column":58}},{"start":{"line":89,"column":61},"end":{"line":89,"column":63}}],"line":89},"10":{"loc":{"start":{"line":116,"column":30},"end":{"line":116,"column":50}},"type":"default-arg","locations":[{"start":{"line":116,"column":49},"end":{"line":116,"column":50}}],"line":116},"11":{"loc":{"start":{"line":133,"column":12},"end":{"line":133,"column":55}},"type":"cond-expr","locations":[{"start":{"line":133,"column":23},"end":{"line":133,"column":50}},{"start":{"line":133,"column":53},"end":{"line":133,"column":55}}],"line":133},"12":{"loc":{"start":{"line":136,"column":21},"end":{"line":136,"column":38}},"type":"default-arg","locations":[{"start":{"line":136,"column":36},"end":{"line":136,"column":38}}],"line":136},"13":{"loc":{"start":{"line":138,"column":14},"end":{"line":138,"column":57}},"type":"cond-expr","locations":[{"start":{"line":138,"column":25},"end":{"line":138,"column":52}},{"start":{"line":138,"column":55},"end":{"line":138,"column":57}}],"line":138},"14":{"loc":{"start":{"line":140,"column":27},"end":{"line":140,"column":44}},"type":"default-arg","locations":[{"start":{"line":140,"column":42},"end":{"line":140,"column":44}}],"line":140},"15":{"loc":{"start":{"line":144,"column":12},"end":{"line":144,"column":55}},"type":"cond-expr","locations":[{"start":{"line":144,"column":23},"end":{"line":144,"column":50}},{"start":{"line":144,"column":53},"end":{"line":144,"column":55}}],"line":144},"16":{"loc":{"start":{"line":151,"column":18},"end":{"line":151,"column":36}},"type":"default-arg","locations":[{"start":{"line":151,"column":34},"end":{"line":151,"column":36}}],"line":151},"17":{"loc":{"start":{"line":189,"column":12},"end":{"line":189,"column":63}},"type":"cond-expr","locations":[{"start":{"line":189,"column":27},"end":{"line":189,"column":58}},{"start":{"line":189,"column":61},"end":{"line":189,"column":63}}],"line":189}},"s":{"0":7,"1":7,"2":7,"3":0,"4":0,"5":0,"6":0,"7":0,"8":7,"9":7,"10":7,"11":7,"12":0,"13":0,"14":0,"15":0,"16":0,"17":0,"18":0,"19":0,"20":0,"21":0,"22":0,"23":0,"24":0,"25":0,"26":0,"27":0,"28":0,"29":0,"30":0,"31":7,"32":2,"33":1,"34":2,"35":1,"36":3,"37":0,"38":0,"39":0,"40":0,"41":7,"42":1,"43":1,"44":1,"45":1,"46":0,"47":0,"48":7,"49":1,"50":0,"51":1,"52":0,"53":1,"54":0,"55":0,"56":0,"57":0,"58":0,"59":1,"60":0,"61":0,"62":0,"63":7,"64":2,"65":0,"66":1,"67":1,"68":0,"69":0,"70":0,"71":7,"72":0,"73":0,"74":0,"75":0,"76":0,"77":0,"78":7,"79":0,"80":0,"81":0,"82":7,"83":0,"84":0,"85":0,"86":0,"87":0,"88":0,"89":0,"90":0,"91":0,"92":0,"93":7,"94":0,"95":0,"96":0,"97":0,"98":0,"99":0,"100":0,"101":0,"102":0},"f":{"0":0,"1":0,"2":0,"3":0,"4":0,"5":2,"6":1,"7":2,"8":1,"9":3,"10":0,"11":0,"12":0,"13":0,"14":1,"15":1,"16":1,"17":1,"18":0,"19":0,"20":1,"21":0,"22":1,"23":0,"24":1,"25":0,"26":0,"27":0,"28":0,"29":0,"30":1,"31":0,"32":0,"33":0,"34":2,"35":0,"36":1,"37":1,"38":0,"39":0,"40":0,"41":0,"42":0,"43":0,"44":0,"45":0,"46":0,"47":0,"48":0,"49":0,"50":0,"51":0,"52":0,"53":0,"54":0,"55":0,"56":0,"57":0,"58":0,"59":0,"60":0,"61":0,"62":0,"63":0,"64":0,"65":0,"66":0,"67":0,"68":0},"b":{"0":[7,0],"1":[0,0],"2":[0,0],"3":[0,0,0],"4":[0,0],"5":[0,0,0,0],"6":[0,0],"7":[1],"8":[1,2],"9":[0,0],"10":[0],"11":[1,1],"12":[0],"13":[1,0],"14":[0],"15":[0,0],"16":[0],"17":[0,0]},"_coverageSchema":"1a1c01bbd47fc00a2c39e90264f33305004495a9","hash":"61712e3ac73234078622bc7e2ec57a751d2b85d9"}
,"/Users/chongraktanaka/Documents/Project/ris data scrap/frontend/src/test-utils/mockHelpers.ts": {"path":"/Users/chongraktanaka/Documents/Project/ris data scrap/frontend/src/test-utils/mockHelpers.ts","statementMap":{"0":{"start":{"line":3,"column":37},"end":{"line":108,"column":1}},"1":{"start":{"line":5,"column":2},"end":{"line":32,"column":5}},"2":{"start":{"line":34,"column":2},"end":{"line":73,"column":5}},"3":{"start":{"line":76,"column":2},"end":{"line":84,"column":5}},"4":{"start":{"line":77,"column":22},"end":{"line":81,"column":5}},"5":{"start":{"line":82,"column":21},"end":{"line":82,"column":57}},"6":{"start":{"line":82,"column":41},"end":{"line":82,"column":56}},"7":{"start":{"line":83,"column":4},"end":{"line":83,"column":55}},"8":{"start":{"line":86,"column":2},"end":{"line":107,"column":5}},"9":{"start":{"line":110,"column":37},"end":{"line":143,"column":1}},"10":{"start":{"line":111,"column":2},"end":{"line":118,"column":5}},"11":{"start":{"line":120,"column":2},"end":{"line":128,"column":5}},"12":{"start":{"line":130,"column":2},"end":{"line":142,"column":5}},"13":{"start":{"line":145,"column":36},"end":{"line":184,"column":1}},"14":{"start":{"line":146,"column":2},"end":{"line":154,"column":5}},"15":{"start":{"line":156,"column":2},"end":{"line":158,"column":5}},"16":{"start":{"line":160,"column":2},"end":{"line":162,"column":5}},"17":{"start":{"line":164,"column":2},"end":{"line":179,"column":5}},"18":{"start":{"line":181,"column":2},"end":{"line":183,"column":5}},"19":{"start":{"line":186,"column":38},"end":{"line":219,"column":1}},"20":{"start":{"line":187,"column":2},"end":{"line":201,"column":5}},"21":{"start":{"line":203,"column":2},"end":{"line":210,"column":5}},"22":{"start":{"line":212,"column":2},"end":{"line":218,"column":5}},"23":{"start":{"line":222,"column":32},"end":{"line":227,"column":1}},"24":{"start":{"line":223,"column":2},"end":{"line":223,"column":26}},"25":{"start":{"line":224,"column":2},"end":{"line":224,"column":26}},"26":{"start":{"line":225,"column":2},"end":{"line":225,"column":25}},"27":{"start":{"line":226,"column":2},"end":{"line":226,"column":27}}},"fnMap":{"0":{"name":"(anonymous_0)","decl":{"start":{"line":3,"column":37},"end":{"line":3,"column":38}},"loc":{"start":{"line":3,"column":43},"end":{"line":108,"column":1}},"line":3},"1":{"name":"(anonymous_1)","decl":{"start":{"line":76,"column":62},"end":{"line":76,"column":63}},"loc":{"start":{"line":76,"column":80},"end":{"line":84,"column":3}},"line":76},"2":{"name":"(anonymous_2)","decl":{"start":{"line":82,"column":36},"end":{"line":82,"column":37}},"loc":{"start":{"line":82,"column":41},"end":{"line":82,"column":56}},"line":82},"3":{"name":"(anonymous_3)","decl":{"start":{"line":110,"column":37},"end":{"line":110,"column":38}},"loc":{"start":{"line":110,"column":43},"end":{"line":143,"column":1}},"line":110},"4":{"name":"(anonymous_4)","decl":{"start":{"line":145,"column":36},"end":{"line":145,"column":37}},"loc":{"start":{"line":145,"column":42},"end":{"line":184,"column":1}},"line":145},"5":{"name":"(anonymous_5)","decl":{"start":{"line":186,"column":38},"end":{"line":186,"column":39}},"loc":{"start":{"line":186,"column":44},"end":{"line":219,"column":1}},"line":186},"6":{"name":"(anonymous_6)","decl":{"start":{"line":222,"column":32},"end":{"line":222,"column":33}},"loc":{"start":{"line":222,"column":38},"end":{"line":227,"column":1}},"line":222}},"branchMap":{"0":{"loc":{"start":{"line":83,"column":35},"end":{"line":83,"column":51}},"type":"binary-expr","locations":[{"start":{"line":83,"column":35},"end":{"line":83,"column":43}},{"start":{"line":83,"column":47},"end":{"line":83,"column":51}}],"line":83}},"s":{"0":6,"1":78,"2":78,"3":78,"4":0,"5":0,"6":0,"7":0,"8":0,"9":6,"10":0,"11":0,"12":0,"13":6,"14":0,"15":0,"16":0,"17":0,"18":0,"19":6,"20":0,"21":0,"22":0,"23":6,"24":78,"25":0,"26":0,"27":0},"f":{"0":78,"1":0,"2":0,"3":0,"4":0,"5":0,"6":78},"b":{"0":[0,0]},"_coverageSchema":"1a1c01bbd47fc00a2c39e90264f33305004495a9","hash":"4d294b2b5b4be6bb8f93e885c05ee3b4998c5a8c"}
,"/Users/chongraktanaka/Documents/Project/ris data scrap/frontend/src/types/category.ts": {"path":"/Users/chongraktanaka/Documents/Project/ris data scrap/frontend/src/types/category.ts","statementMap":{},"fnMap":{},"branchMap":{},"s":{},"f":{},"b":{}}
,"/Users/chongraktanaka/Documents/Project/ris data scrap/frontend/src/types/schedule.ts": {"path":"/Users/chongraktanaka/Documents/Project/ris data scrap/frontend/src/types/schedule.ts","statementMap":{"0":{"start":{"line":115,"column":32},"end":{"line":128,"column":1}},"1":{"start":{"line":116,"column":2},"end":{"line":127,"column":3}},"2":{"start":{"line":118,"column":6},"end":{"line":118,"column":35}},"3":{"start":{"line":120,"column":6},"end":{"line":120,"column":32}},"4":{"start":{"line":122,"column":6},"end":{"line":122,"column":28}},"5":{"start":{"line":124,"column":6},"end":{"line":124,"column":31}},"6":{"start":{"line":126,"column":6},"end":{"line":126,"column":22}},"7":{"start":{"line":130,"column":36},"end":{"line":139,"column":1}},"8":{"start":{"line":131,"column":2},"end":{"line":138,"column":3}},"9":{"start":{"line":133,"column":6},"end":{"line":133,"column":24}},"10":{"start":{"line":135,"column":6},"end":{"line":135,"column":31}},"11":{"start":{"line":137,"column":6},"end":{"line":137,"column":26}},"12":{"start":{"line":141,"column":30},"end":{"line":148,"column":1}},"13":{"start":{"line":142,"column":16},"end":{"line":142,"column":18}},"14":{"start":{"line":143,"column":2},"end":{"line":143,"column":87}},"15":{"start":{"line":143,"column":21},"end":{"line":143,"column":87}},"16":{"start":{"line":144,"column":2},"end":{"line":144,"column":91}},"17":{"start":{"line":144,"column":22},"end":{"line":144,"column":91}},"18":{"start":{"line":145,"column":2},"end":{"line":145,"column":99}},"19":{"start":{"line":145,"column":24},"end":{"line":145,"column":99}},"20":{"start":{"line":146,"column":2},"end":{"line":146,"column":99}},"21":{"start":{"line":146,"column":24},"end":{"line":146,"column":99}},"22":{"start":{"line":147,"column":2},"end":{"line":147,"column":43}},"23":{"start":{"line":150,"column":26},"end":{"line":152,"column":1}},"24":{"start":{"line":151,"column":2},"end":{"line":151,"column":102}},"25":{"start":{"line":154,"column":30},"end":{"line":165,"column":1}},"26":{"start":{"line":155,"column":2},"end":{"line":164,"column":3}},"27":{"start":{"line":157,"column":6},"end":{"line":157,"column":23}},"28":{"start":{"line":159,"column":6},"end":{"line":159,"column":21}},"29":{"start":{"line":161,"column":6},"end":{"line":161,"column":20}},"30":{"start":{"line":163,"column":6},"end":{"line":163,"column":23}}},"fnMap":{"0":{"name":"(anonymous_0)","decl":{"start":{"line":115,"column":32},"end":{"line":115,"column":33}},"loc":{"start":{"line":115,"column":64},"end":{"line":128,"column":1}},"line":115},"1":{"name":"(anonymous_1)","decl":{"start":{"line":130,"column":36},"end":{"line":130,"column":37}},"loc":{"start":{"line":130,"column":76},"end":{"line":139,"column":1}},"line":130},"2":{"name":"(anonymous_2)","decl":{"start":{"line":141,"column":30},"end":{"line":141,"column":31}},"loc":{"start":{"line":141,"column":70},"end":{"line":148,"column":1}},"line":141},"3":{"name":"(anonymous_3)","decl":{"start":{"line":150,"column":26},"end":{"line":150,"column":27}},"loc":{"start":{"line":150,"column":58},"end":{"line":152,"column":1}},"line":150},"4":{"name":"(anonymous_4)","decl":{"start":{"line":154,"column":30},"end":{"line":154,"column":31}},"loc":{"start":{"line":154,"column":100},"end":{"line":165,"column":1}},"line":154}},"branchMap":{"0":{"loc":{"start":{"line":116,"column":2},"end":{"line":127,"column":3}},"type":"switch","locations":[{"start":{"line":117,"column":4},"end":{"line":118,"column":35}},{"start":{"line":119,"column":4},"end":{"line":120,"column":32}},{"start":{"line":121,"column":4},"end":{"line":122,"column":28}},{"start":{"line":123,"column":4},"end":{"line":124,"column":31}},{"start":{"line":125,"column":4},"end":{"line":126,"column":22}}],"line":116},"1":{"loc":{"start":{"line":131,"column":2},"end":{"line":138,"column":3}},"type":"switch","locations":[{"start":{"line":132,"column":4},"end":{"line":133,"column":24}},{"start":{"line":134,"column":4},"end":{"line":135,"column":31}},{"start":{"line":136,"column":4},"end":{"line":137,"column":26}}],"line":131},"2":{"loc":{"start":{"line":143,"column":2},"end":{"line":143,"column":87}},"type":"if","locations":[{"start":{"line":143,"column":2},"end":{"line":143,"column":87}},{"start":{},"end":{}}],"line":143},"3":{"loc":{"start":{"line":143,"column":55},"end":{"line":143,"column":83}},"type":"cond-expr","locations":[{"start":{"line":143,"column":75},"end":{"line":143,"column":78}},{"start":{"line":143,"column":81},"end":{"line":143,"column":83}}],"line":143},"4":{"loc":{"start":{"line":144,"column":2},"end":{"line":144,"column":91}},"type":"if","locations":[{"start":{"line":144,"column":2},"end":{"line":144,"column":91}},{"start":{},"end":{}}],"line":144},"5":{"loc":{"start":{"line":144,"column":58},"end":{"line":144,"column":87}},"type":"cond-expr","locations":[{"start":{"line":144,"column":79},"end":{"line":144,"column":82}},{"start":{"line":144,"column":85},"end":{"line":144,"column":87}}],"line":144},"6":{"loc":{"start":{"line":145,"column":2},"end":{"line":145,"column":99}},"type":"if","locations":[{"start":{"line":145,"column":2},"end":{"line":145,"column":99}},{"start":{},"end":{}}],"line":145},"7":{"loc":{"start":{"line":145,"column":64},"end":{"line":145,"column":95}},"type":"cond-expr","locations":[{"start":{"line":145,"column":87},"end":{"line":145,"column":90}},{"start":{"line":145,"column":93},"end":{"line":145,"column":95}}],"line":145},"8":{"loc":{"start":{"line":146,"column":2},"end":{"line":146,"column":99}},"type":"if","locations":[{"start":{"line":146,"column":2},"end":{"line":146,"column":99}},{"start":{},"end":{}}],"line":146},"9":{"loc":{"start":{"line":146,"column":64},"end":{"line":146,"column":95}},"type":"cond-expr","locations":[{"start":{"line":146,"column":87},"end":{"line":146,"column":90}},{"start":{"line":146,"column":93},"end":{"line":146,"column":95}}],"line":146},"10":{"loc":{"start":{"line":147,"column":9},"end":{"line":147,"column":42}},"type":"binary-expr","locations":[{"start":{"line":147,"column":9},"end":{"line":147,"column":25}},{"start":{"line":147,"column":29},"end":{"line":147,"column":42}}],"line":147},"11":{"loc":{"start":{"line":155,"column":2},"end":{"line":164,"column":3}},"type":"switch","locations":[{"start":{"line":156,"column":4},"end":{"line":157,"column":23}},{"start":{"line":158,"column":4},"end":{"line":159,"column":21}},{"start":{"line":160,"column":4},"end":{"line":161,"column":20}},{"start":{"line":162,"column":4},"end":{"line":163,"column":23}}],"line":155}},"s":{"0":1,"1":0,"2":0,"3":0,"4":0,"5":0,"6":0,"7":1,"8":0,"9":0,"10":0,"11":0,"12":1,"13":0,"14":0,"15":0,"16":0,"17":0,"18":0,"19":0,"20":0,"21":0,"22":0,"23":1,"24":0,"25":1,"26":0,"27":0,"28":0,"29":0,"30":0},"f":{"0":0,"1":0,"2":0,"3":0,"4":0},"b":{"0":[0,0,0,0,0],"1":[0,0,0],"2":[0,0],"3":[0,0],"4":[0,0],"5":[0,0],"6":[0,0],"7":[0,0],"8":[0,0],"9":[0,0],"10":[0,0],"11":[0,0,0,0]},"_coverageSchema":"1a1c01bbd47fc00a2c39e90264f33305004495a9","hash":"08256b186c615ed9cec5b24aa808033ea420f3b0"}
}
