TN:
SF:src/App.tsx
FN:39,(anonymous_0)
FN:44,(anonymous_1)
FN:49,App
FNF:3
FNH:0
FNDA:0,(anonymous_0)
FNDA:0,(anonymous_1)
FNDA:0,App
DA:19,0
DA:34,0
DA:39,0
DA:44,0
DA:50,0
LF:5
LH:0
BRF:0
BRH:0
end_of_record
TN:
SF:src/test-utils.tsx
FN:9,(anonymous_0)
FN:34,(anonymous_1)
FN:92,(anonymous_2)
FN:101,(anonymous_3)
FN:102,(anonymous_4)
FNF:5
FNH:0
FNDA:0,(anonymous_0)
FNDA:0,(anonymous_1)
FNDA:0,(anonymous_2)
FNDA:0,(anonymous_3)
FNDA:0,(anonymous_4)
DA:9,6
DA:10,0
DA:22,0
DA:34,6
DA:38,0
DA:40,0
DA:53,6
DA:72,6
DA:92,6
DA:101,6
DA:102,0
DA:103,0
DA:104,0
DA:105,0
LF:14
LH:6
BRDA:104,0,0,0
BRDA:104,0,1,0
BRF:2
BRH:0
end_of_record
TN:
SF:src/components/CategoryDetailDialog.tsx
FN:82,(anonymous_0)
FN:95,(anonymous_1)
FN:102,(anonymous_2)
FN:106,(anonymous_3)
FN:141,(anonymous_4)
FN:152,(anonymous_5)
FN:163,(anonymous_6)
FN:167,(anonymous_7)
FN:188,(anonymous_8)
FN:193,(anonymous_9)
FN:206,(anonymous_10)
FN:219,(anonymous_11)
FN:367,(anonymous_12)
FNF:13
FNH:0
FNDA:0,(anonymous_0)
FNDA:0,(anonymous_1)
FNDA:0,(anonymous_2)
FNDA:0,(anonymous_3)
FNDA:0,(anonymous_4)
FNDA:0,(anonymous_5)
FNDA:0,(anonymous_6)
FNDA:0,(anonymous_7)
FNDA:0,(anonymous_8)
FNDA:0,(anonymous_9)
FNDA:0,(anonymous_10)
FNDA:0,(anonymous_11)
FNDA:0,(anonymous_12)
DA:82,1
DA:89,0
DA:90,0
DA:91,0
DA:92,0
DA:93,0
DA:95,0
DA:96,0
DA:98,0
DA:102,0
DA:103,0
DA:104,0
DA:106,0
DA:109,0
DA:120,0
DA:135,0
DA:137,0
DA:141,0
DA:142,0
DA:144,0
DA:145,0
DA:146,0
DA:148,0
DA:152,0
DA:153,0
DA:155,0
DA:156,0
DA:157,0
DA:159,0
DA:163,0
DA:164,0
DA:167,0
DA:168,0
DA:170,0
DA:188,0
DA:193,0
DA:194,0
DA:196,0
DA:198,0
DA:200,0
DA:202,0
DA:206,0
DA:207,0
DA:209,0
DA:211,0
DA:213,0
DA:215,0
DA:219,0
DA:220,0
DA:221,0
DA:222,0
DA:224,0
DA:225,0
DA:226,0
DA:227,0
DA:230,0
DA:232,0
DA:368,0
LF:58
LH:1
BRDA:96,0,0,0
BRDA:96,0,1,0
BRDA:110,1,0,0
BRDA:110,1,1,0
BRDA:111,2,0,0
BRDA:111,2,1,0
BRDA:116,3,0,0
BRDA:116,3,1,0
BRDA:142,4,0,0
BRDA:142,4,1,0
BRDA:153,5,0,0
BRDA:153,5,1,0
BRDA:168,6,0,0
BRDA:168,6,1,0
BRDA:180,7,0,0
BRDA:180,7,1,0
BRDA:182,8,0,0
BRDA:182,8,1,0
BRDA:188,9,0,0
BRDA:188,9,1,0
BRDA:194,10,0,0
BRDA:194,10,1,0
BRDA:194,10,2,0
BRDA:194,10,3,0
BRDA:207,11,0,0
BRDA:207,11,1,0
BRDA:207,11,2,0
BRDA:207,11,3,0
BRDA:224,12,0,0
BRDA:224,12,1,0
BRDA:225,13,0,0
BRDA:225,13,1,0
BRDA:226,14,0,0
BRDA:226,14,1,0
BRDA:230,15,0,0
BRDA:230,15,1,0
BRDA:258,16,0,0
BRDA:258,16,1,0
BRDA:268,17,0,0
BRDA:268,17,1,0
BRDA:272,18,0,0
BRDA:272,18,1,0
BRDA:274,19,0,0
BRDA:274,19,1,0
BRDA:308,20,0,0
BRDA:308,20,1,0
BRDA:309,21,0,0
BRDA:309,21,1,0
BRDA:320,22,0,0
BRDA:320,22,1,0
BRDA:359,23,0,0
BRDA:359,23,1,0
BRDA:399,24,0,0
BRDA:399,24,1,0
BRDA:409,25,0,0
BRDA:409,25,1,0
BRF:56
BRH:0
end_of_record
TN:
SF:src/components/ErrorBoundary.tsx
FN:21,(anonymous_0)
FN:25,(anonymous_1)
FN:29,(anonymous_2)
FN:34,(anonymous_3)
FNF:4
FNH:0
FNDA:0,(anonymous_0)
FNDA:0,(anonymous_1)
FNDA:0,(anonymous_2)
FNDA:0,(anonymous_3)
DA:16,0
DA:22,0
DA:26,0
DA:29,0
DA:30,0
DA:31,0
DA:35,0
DA:36,0
DA:37,0
DA:40,0
DA:78,0
LF:11
LH:0
BRDA:35,0,0,0
BRDA:35,0,1,0
BRDA:36,1,0,0
BRDA:36,1,1,0
BRDA:63,2,0,0
BRDA:63,2,1,0
BRF:6
BRH:0
end_of_record
TN:
SF:src/components/Layout.tsx
FN:45,Layout
FN:50,(anonymous_1)
FN:70,(anonymous_2)
FN:74,(anonymous_3)
FN:105,(anonymous_4)
FNF:5
FNH:0
FNDA:0,Layout
FNDA:0,(anonymous_1)
FNDA:0,(anonymous_2)
FNDA:0,(anonymous_3)
FNDA:0,(anonymous_4)
DA:29,1
DA:35,1
DA:46,0
DA:47,0
DA:48,0
DA:50,0
DA:51,0
DA:55,0
DA:71,0
DA:74,0
DA:85,0
DA:105,0
LF:12
LH:2
BRDA:105,0,0,0
BRDA:105,0,1,0
BRF:2
BRH:0
end_of_record
TN:
SF:src/components/LoadingWrapper.tsx
FN:12,(anonymous_0)
FNF:1
FNH:0
FNDA:0,(anonymous_0)
DA:12,1
DA:19,0
DA:20,0
DA:41,0
DA:42,0
DA:59,0
LF:6
LH:1
BRDA:16,0,0,0
BRDA:17,1,0,0
BRDA:19,2,0,0
BRDA:19,2,1,0
BRDA:41,3,0,0
BRDA:41,3,1,0
BRDA:53,4,0,0
BRDA:53,4,1,0
BRF:8
BRH:0
end_of_record
TN:
SF:src/components/RetailerSelector.tsx
FN:56,(anonymous_0)
FN:77,(anonymous_1)
FN:82,(anonymous_2)
FN:86,(anonymous_3)
FN:96,(anonymous_4)
FN:100,(anonymous_5)
FN:110,(anonymous_6)
FN:197,(anonymous_7)
FN:208,(anonymous_8)
FN:218,(anonymous_9)
FN:289,(anonymous_10)
FN:299,(anonymous_11)
FN:374,(anonymous_12)
FN:375,(anonymous_13)
FN:386,(anonymous_14)
FNF:15
FNH:0
FNDA:0,(anonymous_0)
FNDA:0,(anonymous_1)
FNDA:0,(anonymous_2)
FNDA:0,(anonymous_3)
FNDA:0,(anonymous_4)
FNDA:0,(anonymous_5)
FNDA:0,(anonymous_6)
FNDA:0,(anonymous_7)
FNDA:0,(anonymous_8)
FNDA:0,(anonymous_9)
FNDA:0,(anonymous_10)
FNDA:0,(anonymous_11)
FNDA:0,(anonymous_12)
FNDA:0,(anonymous_13)
FNDA:0,(anonymous_14)
DA:32,3
DA:41,3
DA:56,3
DA:71,0
DA:73,0
DA:75,0
DA:77,0
DA:79,0
DA:82,0
DA:83,0
DA:85,0
DA:86,0
DA:88,0
DA:92,0
DA:96,0
DA:97,0
DA:98,0
DA:100,0
DA:103,0
DA:104,0
DA:109,0
DA:110,0
DA:113,0
DA:114,0
DA:137,0
DA:138,0
DA:171,0
DA:197,0
DA:209,0
DA:212,0
DA:214,0
DA:218,0
DA:290,0
DA:293,0
DA:295,0
DA:299,0
DA:375,0
DA:376,0
DA:377,0
DA:386,0
LF:40
LH:3
BRDA:57,0,0,0
BRDA:58,1,0,0
BRDA:59,2,0,0
BRDA:83,3,0,0
BRDA:83,3,1,0
BRDA:85,4,0,0
BRDA:85,4,1,0
BRDA:98,5,0,0
BRDA:98,5,1,0
BRDA:103,6,0,0
BRDA:103,6,1,0
BRDA:109,7,0,0
BRDA:109,7,1,0
BRDA:113,8,0,0
BRDA:113,8,1,0
BRDA:115,9,0,0
BRDA:115,9,1,0
BRDA:117,10,0,0
BRDA:117,10,1,0
BRDA:124,11,0,0
BRDA:124,11,1,0
BRDA:124,12,0,0
BRDA:124,12,1,0
BRDA:129,13,0,0
BRDA:129,13,1,0
BRDA:129,14,0,0
BRDA:129,14,1,0
BRDA:137,15,0,0
BRDA:137,15,1,0
BRDA:146,16,0,0
BRDA:146,16,1,0
BRDA:146,17,0,0
BRDA:146,17,1,0
BRDA:147,18,0,0
BRDA:147,18,1,0
BRDA:147,19,0,0
BRDA:147,19,1,0
BRDA:150,20,0,0
BRDA:150,20,1,0
BRDA:152,21,0,0
BRDA:152,21,1,0
BRDA:157,22,0,0
BRDA:157,22,1,0
BRDA:157,23,0,0
BRDA:157,23,1,0
BRDA:158,24,0,0
BRDA:158,24,1,0
BRDA:180,25,0,0
BRDA:180,25,1,0
BRDA:197,26,0,0
BRDA:197,26,1,0
BRDA:199,27,0,0
BRDA:199,27,1,0
BRDA:206,28,0,0
BRDA:206,28,1,0
BRDA:209,29,0,0
BRDA:209,29,1,0
BRDA:217,30,0,0
BRDA:217,30,1,0
BRDA:223,31,0,0
BRDA:223,31,1,0
BRDA:226,32,0,0
BRDA:226,32,1,0
BRDA:256,33,0,0
BRDA:256,33,1,0
BRDA:266,34,0,0
BRDA:266,34,1,0
BRDA:266,34,2,0
BRDA:276,35,0,0
BRDA:276,35,1,0
BRDA:290,36,0,0
BRDA:290,36,1,0
BRDA:298,37,0,0
BRDA:298,37,1,0
BRDA:304,38,0,0
BRDA:304,38,1,0
BRDA:307,39,0,0
BRDA:307,39,1,0
BRDA:338,40,0,0
BRDA:338,40,1,0
BRDA:338,40,2,0
BRDA:344,41,0,0
BRDA:344,41,1,0
BRDA:349,42,0,0
BRDA:349,42,1,0
BRDA:368,43,0,0
BRDA:368,43,1,0
BRDA:368,43,2,0
BRDA:377,44,0,0
BRDA:377,44,1,0
BRDA:385,45,0,0
BRDA:385,45,1,0
BRF:92
BRH:0
end_of_record
TN:
SF:src/components/scraping/CategorySelector.tsx
FN:38,CategorySelector
FN:47,(anonymous_1)
FN:52,(anonymous_2)
FN:59,(anonymous_3)
FN:60,(anonymous_4)
FN:63,(anonymous_5)
FN:67,(anonymous_6)
FN:69,(anonymous_7)
FN:75,(anonymous_8)
FN:76,(anonymous_9)
FN:77,(anonymous_10)
FN:82,(anonymous_11)
FN:90,(anonymous_12)
FN:91,(anonymous_13)
FN:107,(anonymous_14)
FN:152,(anonymous_15)
FN:168,(anonymous_16)
FN:173,(anonymous_17)
FN:174,(anonymous_18)
FNF:19
FNH:0
FNDA:0,CategorySelector
FNDA:0,(anonymous_1)
FNDA:0,(anonymous_2)
FNDA:0,(anonymous_3)
FNDA:0,(anonymous_4)
FNDA:0,(anonymous_5)
FNDA:0,(anonymous_6)
FNDA:0,(anonymous_7)
FNDA:0,(anonymous_8)
FNDA:0,(anonymous_9)
FNDA:0,(anonymous_10)
FNDA:0,(anonymous_11)
FNDA:0,(anonymous_12)
FNDA:0,(anonymous_13)
FNDA:0,(anonymous_14)
FNDA:0,(anonymous_15)
FNDA:0,(anonymous_16)
FNDA:0,(anonymous_17)
FNDA:0,(anonymous_18)
DA:44,0
DA:45,0
DA:47,0
DA:48,0
DA:50,0
DA:51,0
DA:53,0
DA:59,0
DA:60,0
DA:63,0
DA:64,0
DA:67,0
DA:68,0
DA:69,0
DA:71,0
DA:75,0
DA:76,0
DA:77,0
DA:78,0
DA:82,0
DA:84,0
DA:85,0
DA:86,0
DA:89,0
DA:90,0
DA:91,0
DA:93,0
DA:107,0
DA:153,0
DA:168,0
DA:173,0
DA:174,0
LF:32
LH:0
BRDA:48,0,0,0
BRDA:48,0,1,0
BRDA:53,1,0,0
BRDA:53,1,1,0
BRDA:53,1,2,0
BRDA:68,2,0,0
BRDA:68,2,1,0
BRDA:78,3,0,0
BRDA:78,3,1,0
BRDA:85,4,0,0
BRDA:85,4,1,0
BRDA:89,5,0,0
BRDA:89,5,1,0
BRDA:158,6,0,0
BRDA:158,6,1,0
BRDA:162,7,0,0
BRDA:162,7,1,0
BRDA:184,8,0,0
BRDA:184,8,1,0
BRDA:203,9,0,0
BRDA:203,9,1,0
BRF:21
BRH:0
end_of_record
TN:
SF:src/components/scraping/JobProgressCard.tsx
FN:75,JobProgressCard
FN:90,(anonymous_1)
FN:104,(anonymous_2)
FN:165,(anonymous_3)
FN:174,(anonymous_4)
FN:237,(anonymous_5)
FNF:6
FNH:0
FNDA:0,JobProgressCard
FNDA:0,(anonymous_1)
FNDA:0,(anonymous_2)
FNDA:0,(anonymous_3)
FNDA:0,(anonymous_4)
FNDA:0,(anonymous_5)
DA:61,0
DA:68,0
DA:80,0
DA:82,0
DA:86,0
DA:90,0
DA:91,0
DA:92,0
DA:93,0
DA:94,0
DA:95,0
DA:96,0
DA:98,0
DA:99,0
DA:101,0
DA:104,0
DA:105,0
DA:107,0
DA:108,0
DA:109,0
DA:110,0
DA:112,0
DA:113,0
DA:115,0
DA:116,0
DA:118,0
DA:121,0
DA:165,0
DA:174,0
DA:238,0
DA:242,0
LF:31
LH:0
BRDA:78,0,0,0
BRDA:82,1,0,0
BRDA:82,1,1,0
BRDA:86,2,0,0
BRDA:86,2,1,0
BRDA:91,3,0,0
BRDA:91,3,1,0
BRDA:93,4,0,0
BRDA:93,4,1,0
BRDA:98,5,0,0
BRDA:98,5,1,0
BRDA:105,6,0,0
BRDA:105,6,1,0
BRDA:105,7,0,0
BRDA:105,7,1,0
BRDA:115,8,0,0
BRDA:115,8,1,0
BRDA:125,9,0,0
BRDA:125,9,1,0
BRDA:126,10,0,0
BRDA:126,10,1,0
BRDA:142,11,0,0
BRDA:142,11,1,0
BRDA:153,12,0,0
BRDA:153,12,1,0
BRDA:161,13,0,0
BRDA:161,13,1,0
BRDA:161,13,2,0
BRDA:176,14,0,0
BRDA:176,14,1,0
BRDA:195,15,0,0
BRDA:195,15,1,0
BRDA:195,15,2,0
BRDA:222,16,0,0
BRDA:222,16,1,0
BRDA:238,17,0,0
BRDA:238,17,1,0
BRF:37
BRH:0
end_of_record
TN:
SF:src/components/scraping/RetailerSelector.tsx
FN:55,RetailerSelector
FN:70,(anonymous_1)
FN:89,(anonymous_2)
FN:124,(anonymous_3)
FNF:4
FNH:0
FNDA:0,RetailerSelector
FNDA:0,(anonymous_1)
FNDA:0,(anonymous_2)
FNDA:0,(anonymous_3)
DA:37,0
DA:46,0
DA:60,0
DA:71,0
DA:89,0
DA:125,0
LF:6
LH:0
BRDA:77,0,0,0
BRDA:77,0,1,0
BRDA:78,1,0,0
BRDA:78,1,1,0
BRDA:103,2,0,0
BRDA:103,2,1,0
BRDA:136,3,0,0
BRDA:136,3,1,0
BRF:8
BRH:0
end_of_record
TN:
SF:src/components/scraping/ScrapingWizard.tsx
FN:78,ScrapingWizard
FN:96,(anonymous_1)
FN:105,(anonymous_2)
FN:113,(anonymous_3)
FN:125,(anonymous_4)
FN:129,(anonymous_5)
FN:130,(anonymous_6)
FN:133,(anonymous_7)
FN:148,(anonymous_8)
FN:182,(anonymous_9)
FN:207,(anonymous_10)
FN:228,(anonymous_11)
FN:250,(anonymous_12)
FN:251,(anonymous_13)
FN:252,(anonymous_14)
FN:276,(anonymous_15)
FN:335,(anonymous_16)
FN:338,(anonymous_17)
FNF:18
FNH:0
FNDA:0,ScrapingWizard
FNDA:0,(anonymous_1)
FNDA:0,(anonymous_2)
FNDA:0,(anonymous_3)
FNDA:0,(anonymous_4)
FNDA:0,(anonymous_5)
FNDA:0,(anonymous_6)
FNDA:0,(anonymous_7)
FNDA:0,(anonymous_8)
FNDA:0,(anonymous_9)
FNDA:0,(anonymous_10)
FNDA:0,(anonymous_11)
FNDA:0,(anonymous_12)
FNDA:0,(anonymous_13)
FNDA:0,(anonymous_14)
FNDA:0,(anonymous_15)
FNDA:0,(anonymous_16)
FNDA:0,(anonymous_17)
DA:40,0
DA:84,0
DA:85,0
DA:86,0
DA:87,0
DA:94,0
DA:97,0
DA:98,0
DA:103,0
DA:106,0
DA:107,0
DA:108,0
DA:113,0
DA:114,0
DA:116,0
DA:123,0
DA:125,0
DA:129,0
DA:130,0
DA:133,0
DA:134,0
DA:136,0
DA:138,0
DA:140,0
DA:142,0
DA:144,0
DA:148,0
DA:149,0
DA:151,0
DA:170,0
DA:182,0
DA:190,0
DA:207,0
DA:228,0
DA:250,0
DA:251,0
DA:252,0
DA:253,0
DA:255,0
DA:277,0
DA:314,0
DA:318,0
DA:336,0
DA:339,0
LF:44
LH:0
BRDA:82,0,0,0
BRDA:94,1,0,0
BRDA:103,2,0,0
BRDA:106,3,0,0
BRDA:106,3,1,0
BRDA:114,4,0,0
BRDA:114,4,1,0
BRDA:134,5,0,0
BRDA:134,5,1,0
BRDA:134,5,2,0
BRDA:134,5,3,0
BRDA:134,5,4,0
BRDA:149,6,0,0
BRDA:149,6,1,0
BRDA:149,6,2,0
BRDA:149,6,3,0
BRDA:149,6,4,0
BRDA:154,7,0,0
BRDA:154,7,1,0
BRDA:173,8,0,0
BRDA:173,8,1,0
BRDA:182,9,0,0
BRDA:182,9,1,0
BRDA:252,10,0,0
BRDA:252,10,1,0
BRDA:297,11,0,0
BRDA:297,11,1,0
BRDA:304,12,0,0
BRDA:304,12,1,0
BRDA:347,13,0,0
BRDA:347,13,1,0
BRDA:373,14,0,0
BRDA:373,14,1,0
BRDA:381,15,0,0
BRDA:381,15,1,0
BRDA:382,16,0,0
BRDA:382,16,1,0
BRDA:384,17,0,0
BRDA:384,17,1,0
BRF:39
BRH:0
end_of_record
TN:
SF:src/contexts/RetailerContext.tsx
FN:65,(anonymous_0)
FN:77,(anonymous_1)
FN:89,(anonymous_2)
FN:99,(anonymous_3)
FN:107,(anonymous_4)
FN:108,(anonymous_5)
FN:111,(anonymous_6)
FN:112,(anonymous_7)
FN:115,(anonymous_8)
FN:116,(anonymous_9)
FN:120,(anonymous_10)
FN:127,(anonymous_11)
FN:137,(anonymous_12)
FN:140,(anonymous_13)
FN:142,(anonymous_14)
FN:146,(anonymous_15)
FN:153,(anonymous_16)
FN:195,(anonymous_17)
FN:200,(anonymous_18)
FN:205,(anonymous_19)
FNF:20
FNH:0
FNDA:0,(anonymous_0)
FNDA:0,(anonymous_1)
FNDA:0,(anonymous_2)
FNDA:0,(anonymous_3)
FNDA:0,(anonymous_4)
FNDA:0,(anonymous_5)
FNDA:0,(anonymous_6)
FNDA:0,(anonymous_7)
FNDA:0,(anonymous_8)
FNDA:0,(anonymous_9)
FNDA:0,(anonymous_10)
FNDA:0,(anonymous_11)
FNDA:0,(anonymous_12)
FNDA:0,(anonymous_13)
FNDA:0,(anonymous_14)
FNDA:0,(anonymous_15)
FNDA:0,(anonymous_16)
FNDA:0,(anonymous_17)
FNDA:0,(anonymous_18)
FNDA:0,(anonymous_19)
DA:63,6
DA:65,6
DA:66,0
DA:67,0
DA:68,0
DA:70,0
DA:77,6
DA:79,0
DA:80,0
DA:81,0
DA:84,0
DA:87,0
DA:90,0
DA:91,0
DA:97,0
DA:100,0
DA:101,0
DA:107,0
DA:108,0
DA:111,0
DA:112,0
DA:115,0
DA:116,0
DA:120,0
DA:121,0
DA:122,0
DA:125,0
DA:126,0
DA:127,0
DA:128,0
DA:129,0
DA:137,0
DA:138,0
DA:140,0
DA:142,0
DA:143,0
DA:144,0
DA:145,0
DA:146,0
DA:147,0
DA:149,0
DA:151,0
DA:153,0
DA:154,0
DA:155,0
DA:157,0
DA:162,0
DA:187,0
DA:195,6
DA:196,0
DA:197,0
DA:200,6
DA:201,0
DA:202,0
DA:205,6
DA:206,0
DA:207,0
LF:57
LH:6
BRDA:67,0,0,0
BRDA:67,0,1,0
BRDA:87,1,0,0
BRDA:97,2,0,0
BRDA:121,3,0,0
BRDA:121,3,1,0
BRDA:121,4,0,0
BRDA:121,4,1,0
BRDA:125,5,0,0
BRDA:125,5,1,0
BRDA:127,6,0,0
BRDA:127,6,1,0
BRDA:128,7,0,0
BRDA:128,7,1,0
BRDA:138,8,0,0
BRDA:138,8,1,0
BRDA:145,9,0,0
BRDA:145,9,1,0
BRDA:145,10,0,0
BRDA:145,10,1,0
BRDA:151,11,0,0
BRDA:151,11,1,0
BRDA:154,12,0,0
BRDA:154,12,1,0
BRDA:154,13,0,0
BRDA:154,13,1,0
BRDA:197,14,0,0
BRDA:197,14,1,0
BRDA:202,15,0,0
BRDA:202,15,1,0
BRF:30
BRH:0
end_of_record
TN:
SF:src/hooks/useCategoryMonitoring.ts
FN:105,(anonymous_0)
FN:151,(anonymous_1)
FN:166,(anonymous_2)
FN:181,(anonymous_3)
FN:214,(anonymous_4)
FN:221,(anonymous_5)
FN:227,(anonymous_6)
FN:236,(anonymous_7)
FN:242,(anonymous_8)
FN:254,(anonymous_9)
FN:272,(anonymous_10)
FN:284,(anonymous_11)
FN:295,(anonymous_12)
FN:306,(anonymous_13)
FN:312,(anonymous_14)
FN:318,(anonymous_15)
FN:320,(anonymous_16)
FN:327,(anonymous_17)
FN:334,(anonymous_18)
FN:343,(anonymous_19)
FN:344,(anonymous_20)
FN:347,(anonymous_21)
FN:348,(anonymous_22)
FN:374,(anonymous_23)
FN:375,(anonymous_24)
FN:379,(anonymous_25)
FN:380,(anonymous_26)
FN:383,(anonymous_27)
FN:385,(anonymous_28)
FN:386,(anonymous_29)
FN:391,(anonymous_30)
FN:404,(anonymous_31)
FN:405,(anonymous_32)
FNF:33
FNH:0
FNDA:0,(anonymous_0)
FNDA:0,(anonymous_1)
FNDA:0,(anonymous_2)
FNDA:0,(anonymous_3)
FNDA:0,(anonymous_4)
FNDA:0,(anonymous_5)
FNDA:0,(anonymous_6)
FNDA:0,(anonymous_7)
FNDA:0,(anonymous_8)
FNDA:0,(anonymous_9)
FNDA:0,(anonymous_10)
FNDA:0,(anonymous_11)
FNDA:0,(anonymous_12)
FNDA:0,(anonymous_13)
FNDA:0,(anonymous_14)
FNDA:0,(anonymous_15)
FNDA:0,(anonymous_16)
FNDA:0,(anonymous_17)
FNDA:0,(anonymous_18)
FNDA:0,(anonymous_19)
FNDA:0,(anonymous_20)
FNDA:0,(anonymous_21)
FNDA:0,(anonymous_22)
FNDA:0,(anonymous_23)
FNDA:0,(anonymous_24)
FNDA:0,(anonymous_25)
FNDA:0,(anonymous_26)
FNDA:0,(anonymous_27)
FNDA:0,(anonymous_28)
FNDA:0,(anonymous_29)
FNDA:0,(anonymous_30)
FNDA:0,(anonymous_31)
FNDA:0,(anonymous_32)
DA:87,1
DA:89,1
DA:105,1
DA:108,0
DA:114,0
DA:115,0
DA:117,0
DA:119,0
DA:121,0
DA:122,0
DA:125,0
DA:126,0
DA:127,0
DA:135,0
DA:148,0
DA:151,1
DA:156,0
DA:158,0
DA:162,0
DA:165,0
DA:166,0
DA:181,1
DA:183,0
DA:188,0
DA:189,0
DA:192,0
DA:214,1
DA:217,0
DA:218,0
DA:221,1
DA:223,0
DA:224,0
DA:227,1
DA:232,0
DA:233,0
DA:236,1
DA:238,0
DA:239,0
DA:242,1
DA:244,0
DA:247,0
DA:254,1
DA:255,0
DA:256,0
DA:257,0
DA:258,0
DA:270,0
DA:272,0
DA:282,0
DA:284,0
DA:293,0
DA:295,0
DA:304,0
DA:306,0
DA:310,0
DA:313,0
DA:317,0
DA:319,0
DA:321,0
DA:325,0
DA:328,0
DA:332,0
DA:336,0
DA:337,0
DA:338,0
DA:343,0
DA:344,0
DA:347,0
DA:348,0
DA:349,0
DA:352,0
DA:353,0
DA:354,0
DA:356,0
DA:357,0
DA:358,0
DA:360,0
DA:361,0
DA:362,0
DA:364,0
DA:365,0
DA:366,0
DA:370,0
DA:374,0
DA:375,0
DA:376,0
DA:379,0
DA:380,0
DA:383,0
DA:384,0
DA:385,0
DA:386,0
DA:388,0
DA:391,0
DA:392,0
DA:401,0
DA:404,0
DA:405,0
DA:409,0
LF:99
LH:11
BRDA:87,0,0,1
BRDA:87,0,1,0
BRDA:114,1,0,0
BRDA:114,1,1,0
BRDA:115,2,0,0
BRDA:115,2,1,0
BRDA:126,3,0,0
BRDA:126,3,1,0
BRDA:129,4,0,0
BRDA:129,4,1,0
BRDA:139,5,0,0
BRDA:139,5,1,0
BRDA:140,6,0,0
BRDA:140,6,1,0
BRDA:141,7,0,0
BRDA:141,7,1,0
BRDA:165,8,0,0
BRDA:165,8,1,0
BRDA:167,9,0,0
BRDA:167,9,1,0
BRDA:169,10,0,0
BRDA:169,10,1,0
BRDA:171,11,0,0
BRDA:171,11,1,0
BRDA:172,12,0,0
BRDA:172,12,1,0
BRDA:189,13,0,0
BRDA:189,13,1,0
BRDA:196,14,0,0
BRDA:196,14,1,0
BRDA:197,15,0,0
BRDA:197,15,1,0
BRDA:199,16,0,0
BRDA:199,16,1,0
BRDA:200,17,0,0
BRDA:200,17,1,0
BRDA:202,18,0,0
BRDA:202,18,1,0
BRDA:203,19,0,0
BRDA:203,19,1,0
BRDA:204,20,0,0
BRDA:204,20,1,0
BRDA:207,21,0,0
BRDA:207,21,1,0
BRDA:208,22,0,0
BRDA:208,22,1,0
BRDA:209,23,0,0
BRDA:209,23,1,0
BRDA:248,24,0,0
BRDA:248,24,1,0
BRDA:256,25,0,0
BRDA:256,25,1,0
BRDA:284,26,0,0
BRDA:284,26,1,0
BRDA:306,27,0,0
BRDA:306,27,1,0
BRDA:352,28,0,0
BRDA:352,28,1,0
BRDA:352,29,0,0
BRDA:352,29,1,0
BRDA:354,30,0,0
BRDA:354,30,1,0
BRDA:354,30,2,0
BRDA:376,31,0,0
BRDA:376,31,1,0
BRDA:380,32,0,0
BRDA:380,32,1,0
BRDA:395,33,0,0
BRDA:395,33,1,0
BRDA:402,34,0,0
BRDA:402,34,1,0
BRDA:404,35,0,0
BRDA:404,35,1,0
BRDA:405,36,0,0
BRDA:405,36,1,0
BRDA:423,37,0,0
BRDA:423,37,1,0
BRDA:423,37,2,0
BRDA:423,37,3,0
BRDA:430,38,0,0
BRDA:430,38,1,0
BRDA:430,38,2,0
BRDA:430,38,3,0
BRF:83
BRH:1
end_of_record
TN:
SF:src/pages/Analytics.tsx
FN:4,Analytics
FNF:1
FNH:0
FNDA:0,Analytics
DA:5,0
LF:1
LH:0
BRF:0
BRH:0
end_of_record
TN:
SF:src/pages/Dashboard.tsx
FN:52,(anonymous_0)
FN:98,Dashboard
FN:112,(anonymous_2)
FN:125,(anonymous_3)
FN:136,(anonymous_4)
FN:246,(anonymous_5)
FN:256,(anonymous_6)
FN:277,(anonymous_7)
FN:295,(anonymous_8)
FN:296,(anonymous_9)
FN:406,(anonymous_10)
FNF:11
FNH:0
FNDA:0,(anonymous_0)
FNDA:0,Dashboard
FNDA:0,(anonymous_2)
FNDA:0,(anonymous_3)
FNDA:0,(anonymous_4)
FNDA:0,(anonymous_5)
FNDA:0,(anonymous_6)
FNDA:0,(anonymous_7)
FNDA:0,(anonymous_8)
FNDA:0,(anonymous_9)
FNDA:0,(anonymous_10)
DA:33,1
DA:52,1
DA:53,0
DA:107,0
DA:110,0
DA:113,0
DA:114,0
DA:116,0
DA:123,0
DA:126,0
DA:127,0
DA:134,0
DA:137,0
DA:138,0
DA:144,0
DA:147,0
DA:148,0
DA:156,0
DA:157,0
DA:159,0
DA:227,0
DA:246,0
DA:256,0
DA:277,0
DA:295,0
DA:297,0
DA:407,0
LF:27
LH:2
BRDA:52,0,0,0
BRDA:64,1,0,0
BRDA:64,1,1,0
BRDA:69,2,0,0
BRDA:69,2,1,0
BRDA:111,3,0,0
BRDA:111,3,1,0
BRDA:113,4,0,0
BRDA:113,4,1,0
BRDA:116,5,0,0
BRDA:116,5,1,0
BRDA:140,6,0,0
BRDA:140,6,1,0
BRDA:144,7,0,0
BRDA:144,7,1,0
BRDA:144,7,2,0
BRDA:144,7,3,0
BRDA:144,7,4,0
BRDA:147,8,0,0
BRDA:147,8,1,0
BRDA:156,9,0,0
BRDA:156,9,1,0
BRDA:156,10,0,0
BRDA:156,10,1,0
BRDA:167,11,0,0
BRDA:167,11,1,0
BRDA:171,12,0,0
BRDA:171,12,1,0
BRDA:177,13,0,0
BRDA:177,13,1,0
BRDA:180,14,0,0
BRDA:180,14,1,0
BRDA:187,15,0,0
BRDA:187,15,1,0
BRDA:190,16,0,0
BRDA:190,16,1,0
BRDA:198,17,0,0
BRDA:198,17,1,0
BRDA:201,18,0,0
BRDA:201,18,1,0
BRDA:201,19,0,0
BRDA:201,19,1,0
BRDA:208,20,0,0
BRDA:208,20,1,0
BRDA:211,21,0,0
BRDA:211,21,1,0
BRDA:235,22,0,0
BRDA:235,22,1,0
BRDA:276,23,0,0
BRDA:276,23,1,0
BRDA:304,24,0,0
BRDA:304,24,1,0
BRDA:345,25,0,0
BRDA:345,25,1,0
BRDA:353,26,0,0
BRDA:353,26,1,0
BRDA:399,27,0,0
BRDA:399,27,1,0
BRDA:399,27,2,0
BRDA:434,28,0,0
BRDA:434,28,1,0
BRDA:435,29,0,0
BRDA:435,29,1,0
BRF:63
BRH:0
end_of_record
TN:
SF:src/pages/Monitoring.tsx
FN:126,Monitoring
FN:147,(anonymous_1)
FN:148,(anonymous_2)
FN:155,(anonymous_3)
FN:159,(anonymous_4)
FN:171,(anonymous_5)
FN:181,(anonymous_6)
FN:191,(anonymous_7)
FN:201,(anonymous_8)
FN:209,(anonymous_9)
FN:228,(anonymous_10)
FN:241,(anonymous_11)
FN:256,(anonymous_12)
FN:260,(anonymous_13)
FN:273,(anonymous_14)
FN:277,(anonymous_15)
FN:282,(anonymous_16)
FN:303,(anonymous_17)
FN:304,(anonymous_18)
FN:307,(anonymous_19)
FN:312,(anonymous_20)
FN:317,(anonymous_21)
FN:331,(anonymous_22)
FN:343,(anonymous_23)
FN:354,(anonymous_24)
FN:374,(anonymous_25)
FN:384,(anonymous_26)
FN:553,(anonymous_27)
FN:668,(anonymous_28)
FN:716,(anonymous_29)
FN:756,(anonymous_30)
FN:760,(anonymous_31)
FN:848,(anonymous_32)
FN:937,(anonymous_33)
FN:940,(anonymous_34)
FN:941,(anonymous_35)
FN:945,(anonymous_36)
FN:946,(anonymous_37)
FN:948,(anonymous_38)
FNF:39
FNH:0
FNDA:0,Monitoring
FNDA:0,(anonymous_1)
FNDA:0,(anonymous_2)
FNDA:0,(anonymous_3)
FNDA:0,(anonymous_4)
FNDA:0,(anonymous_5)
FNDA:0,(anonymous_6)
FNDA:0,(anonymous_7)
FNDA:0,(anonymous_8)
FNDA:0,(anonymous_9)
FNDA:0,(anonymous_10)
FNDA:0,(anonymous_11)
FNDA:0,(anonymous_12)
FNDA:0,(anonymous_13)
FNDA:0,(anonymous_14)
FNDA:0,(anonymous_15)
FNDA:0,(anonymous_16)
FNDA:0,(anonymous_17)
FNDA:0,(anonymous_18)
FNDA:0,(anonymous_19)
FNDA:0,(anonymous_20)
FNDA:0,(anonymous_21)
FNDA:0,(anonymous_22)
FNDA:0,(anonymous_23)
FNDA:0,(anonymous_24)
FNDA:0,(anonymous_25)
FNDA:0,(anonymous_26)
FNDA:0,(anonymous_27)
FNDA:0,(anonymous_28)
FNDA:0,(anonymous_29)
FNDA:0,(anonymous_30)
FNDA:0,(anonymous_31)
FNDA:0,(anonymous_32)
FNDA:0,(anonymous_33)
FNDA:0,(anonymous_34)
FNDA:0,(anonymous_35)
FNDA:0,(anonymous_36)
FNDA:0,(anonymous_37)
FNDA:0,(anonymous_38)
DA:66,1
DA:117,1
DA:127,0
DA:128,0
DA:129,0
DA:130,0
DA:131,0
DA:143,0
DA:146,0
DA:147,0
DA:149,0
DA:155,0
DA:156,0
DA:160,0
DA:169,0
DA:172,0
DA:173,0
DA:179,0
DA:182,0
DA:183,0
DA:189,0
DA:192,0
DA:193,0
DA:199,0
DA:202,0
DA:204,0
DA:205,0
DA:208,0
DA:209,0
DA:219,0
DA:221,0
DA:222,0
DA:228,0
DA:229,0
DA:231,0
DA:233,0
DA:235,0
DA:237,0
DA:241,0
DA:242,0
DA:244,0
DA:246,0
DA:248,0
DA:250,0
DA:255,0
DA:256,0
DA:261,0
DA:272,0
DA:273,0
DA:277,0
DA:282,0
DA:288,0
DA:303,0
DA:304,0
DA:307,0
DA:308,0
DA:309,0
DA:312,0
DA:313,0
DA:314,0
DA:317,0
DA:318,0
DA:320,0
DA:321,0
DA:325,0
DA:331,0
DA:332,0
DA:335,0
DA:343,0
DA:344,0
DA:346,0
DA:347,0
DA:348,0
DA:354,0
DA:355,0
DA:358,0
DA:366,0
DA:375,0
DA:376,0
DA:384,0
DA:554,0
DA:668,0
DA:716,0
DA:757,0
DA:760,0
DA:849,0
DA:937,0
DA:940,0
DA:941,0
DA:945,0
DA:946,0
DA:948,0
LF:92
LH:2
BRDA:162,0,0,0
BRDA:162,0,1,0
BRDA:175,1,0,0
BRDA:175,1,1,0
BRDA:179,2,0,0
BRDA:185,3,0,0
BRDA:185,3,1,0
BRDA:189,4,0,0
BRDA:195,5,0,0
BRDA:195,5,1,0
BRDA:199,6,0,0
BRDA:208,7,0,0
BRDA:208,7,1,0
BRDA:211,8,0,0
BRDA:211,8,1,0
BRDA:212,9,0,0
BRDA:212,9,1,0
BRDA:213,10,0,0
BRDA:213,10,1,0
BRDA:214,11,0,0
BRDA:214,11,1,0
BRDA:215,12,0,0
BRDA:215,12,1,0
BRDA:225,13,0,0
BRDA:225,13,1,0
BRDA:229,14,0,0
BRDA:229,14,1,0
BRDA:229,14,2,0
BRDA:229,14,3,0
BRDA:242,15,0,0
BRDA:242,15,1,0
BRDA:242,15,2,0
BRDA:242,15,3,0
BRDA:261,16,0,0
BRDA:261,16,1,0
BRDA:318,17,0,0
BRDA:318,17,1,0
BRDA:337,18,0,0
BRDA:337,18,1,0
BRDA:344,19,0,0
BRDA:344,19,1,0
BRDA:360,20,0,0
BRDA:360,20,1,0
BRDA:382,21,0,0
BRDA:382,21,1,0
BRDA:383,22,0,0
BRDA:383,22,1,0
BRDA:401,23,0,0
BRDA:401,23,1,0
BRDA:404,24,0,0
BRDA:404,24,1,0
BRDA:419,25,0,0
BRDA:419,25,1,0
BRDA:422,26,0,0
BRDA:422,26,1,0
BRDA:422,27,0,0
BRDA:422,27,1,0
BRDA:430,28,0,0
BRDA:430,28,1,0
BRDA:433,29,0,0
BRDA:433,29,1,0
BRDA:434,30,0,0
BRDA:434,30,1,0
BRDA:436,31,0,0
BRDA:436,31,1,0
BRDA:454,32,0,0
BRDA:454,32,1,0
BRDA:457,33,0,0
BRDA:457,33,1,0
BRDA:475,34,0,0
BRDA:475,34,1,0
BRDA:529,35,0,0
BRDA:529,35,1,0
BRDA:536,36,0,0
BRDA:536,36,1,0
BRDA:544,37,0,0
BRDA:544,37,1,0
BRDA:574,38,0,0
BRDA:574,38,1,0
BRDA:576,39,0,0
BRDA:576,39,1,0
BRDA:587,40,0,0
BRDA:587,40,1,0
BRDA:592,41,0,0
BRDA:592,41,1,0
BRDA:645,42,0,0
BRDA:645,42,1,0
BRDA:666,43,0,0
BRDA:666,43,1,0
BRDA:715,44,0,0
BRDA:715,44,1,0
BRDA:720,45,0,0
BRDA:720,45,1,0
BRDA:749,46,0,0
BRDA:749,46,1,0
BRDA:755,47,0,0
BRDA:755,47,1,0
BRDA:755,48,0,0
BRDA:755,48,1,0
BRDA:787,49,0,0
BRDA:787,49,1,0
BRDA:789,50,0,0
BRDA:789,50,1,0
BRDA:799,51,0,0
BRDA:799,51,1,0
BRDA:807,52,0,0
BRDA:807,52,1,0
BRDA:811,53,0,0
BRDA:811,53,1,0
BRDA:842,54,0,0
BRDA:842,54,1,0
BRDA:846,55,0,0
BRDA:846,55,1,0
BRDA:846,56,0,0
BRDA:846,56,1,0
BRDA:852,57,0,0
BRDA:852,57,1,0
BRDA:854,58,0,0
BRDA:854,58,1,0
BRDA:856,59,0,0
BRDA:856,59,1,0
BRDA:879,60,0,0
BRDA:879,60,1,0
BRDA:881,61,0,0
BRDA:881,61,1,0
BRDA:883,62,0,0
BRDA:883,62,1,0
BRDA:887,63,0,0
BRDA:887,63,1,0
BRDA:896,64,0,0
BRDA:896,64,1,0
BRDA:908,65,0,0
BRDA:908,65,1,0
BRDA:937,66,0,0
BRDA:937,66,1,0
BRDA:937,67,0,0
BRDA:937,67,1,0
BRDA:948,68,0,0
BRDA:948,68,1,0
BRF:139
BRH:0
end_of_record
TN:
SF:src/pages/PriceComparisons.tsx
FN:65,PriceComparisons
FN:73,(anonymous_1)
FN:83,(anonymous_2)
FN:91,(anonymous_3)
FN:101,(anonymous_4)
FN:118,(anonymous_5)
FN:126,(anonymous_6)
FN:147,(anonymous_7)
FN:163,(anonymous_8)
FN:230,(anonymous_9)
FN:271,(anonymous_10)
FN:311,(anonymous_11)
FN:319,(anonymous_12)
FN:323,(anonymous_13)
FN:323,(anonymous_14)
FN:341,(anonymous_15)
FN:347,(anonymous_16)
FN:372,(anonymous_17)
FN:378,(anonymous_18)
FN:389,(anonymous_19)
FN:390,(anonymous_20)
FNF:21
FNH:0
FNDA:0,PriceComparisons
FNDA:0,(anonymous_1)
FNDA:0,(anonymous_2)
FNDA:0,(anonymous_3)
FNDA:0,(anonymous_4)
FNDA:0,(anonymous_5)
FNDA:0,(anonymous_6)
FNDA:0,(anonymous_7)
FNDA:0,(anonymous_8)
FNDA:0,(anonymous_9)
FNDA:0,(anonymous_10)
FNDA:0,(anonymous_11)
FNDA:0,(anonymous_12)
FNDA:0,(anonymous_13)
FNDA:0,(anonymous_14)
FNDA:0,(anonymous_15)
FNDA:0,(anonymous_16)
FNDA:0,(anonymous_17)
FNDA:0,(anonymous_18)
FNDA:0,(anonymous_19)
FNDA:0,(anonymous_20)
DA:37,0
DA:66,0
DA:67,0
DA:68,0
DA:71,0
DA:74,0
DA:75,0
DA:81,0
DA:84,0
DA:85,0
DA:91,0
DA:92,0
DA:93,0
DA:94,0
DA:96,0
DA:101,0
DA:102,0
DA:103,0
DA:104,0
DA:107,0
DA:119,0
DA:127,0
DA:148,0
DA:164,0
DA:178,0
DA:179,0
DA:200,0
DA:230,0
DA:271,0
DA:311,0
DA:319,0
DA:323,0
DA:324,0
DA:342,0
DA:347,0
DA:373,0
DA:379,0
DA:389,0
DA:391,0
LF:39
LH:0
BRDA:77,0,0,0
BRDA:77,0,1,0
BRDA:87,1,0,0
BRDA:87,1,1,0
BRDA:101,2,0,0
BRDA:101,2,1,0
BRDA:103,3,0,0
BRDA:103,3,1,0
BRDA:104,4,0,0
BRDA:104,4,1,0
BRDA:152,5,0,0
BRDA:152,5,1,0
BRDA:153,6,0,0
BRDA:153,6,1,0
BRDA:167,7,0,0
BRDA:167,7,1,0
BRDA:178,8,0,0
BRDA:178,8,1,0
BRDA:178,9,0,0
BRDA:178,9,1,0
BRDA:270,10,0,0
BRDA:270,10,1,0
BRDA:323,11,0,0
BRDA:323,11,1,0
BRDA:339,12,0,0
BRDA:339,12,1,0
BRDA:370,13,0,0
BRDA:370,13,1,0
BRDA:376,14,0,0
BRDA:376,14,1,0
BRDA:399,15,0,0
BRDA:399,15,1,0
BRDA:400,16,0,0
BRDA:400,16,1,0
BRDA:409,17,0,0
BRDA:409,17,1,0
BRDA:418,18,0,0
BRDA:418,18,1,0
BRDA:426,19,0,0
BRDA:426,19,1,0
BRF:40
BRH:0
end_of_record
TN:
SF:src/pages/Products.tsx
FN:45,Products
FN:68,(anonymous_1)
FN:77,(anonymous_2)
FN:87,(anonymous_3)
FN:102,(anonymous_4)
FN:103,(anonymous_5)
FN:107,(anonymous_6)
FN:121,(anonymous_7)
FN:142,(anonymous_8)
FN:167,(anonymous_9)
FN:194,(anonymous_10)
FN:220,(anonymous_11)
FN:255,(anonymous_12)
FN:257,(anonymous_13)
FN:268,(anonymous_14)
FN:291,(anonymous_15)
FN:295,(anonymous_16)
FN:313,(anonymous_17)
FN:318,(anonymous_18)
FN:351,(anonymous_19)
FN:352,(anonymous_20)
FN:369,(anonymous_21)
FN:401,(anonymous_22)
FN:405,(anonymous_23)
FN:407,(anonymous_24)
FN:413,(anonymous_25)
FN:428,(anonymous_26)
FN:432,(anonymous_27)
FN:434,(anonymous_28)
FN:440,(anonymous_29)
FN:453,(anonymous_30)
FN:476,(anonymous_31)
FN:488,(anonymous_32)
FN:520,(anonymous_33)
FN:527,(anonymous_34)
FN:543,(anonymous_35)
FN:546,(anonymous_36)
FNF:37
FNH:0
FNDA:0,Products
FNDA:0,(anonymous_1)
FNDA:0,(anonymous_2)
FNDA:0,(anonymous_3)
FNDA:0,(anonymous_4)
FNDA:0,(anonymous_5)
FNDA:0,(anonymous_6)
FNDA:0,(anonymous_7)
FNDA:0,(anonymous_8)
FNDA:0,(anonymous_9)
FNDA:0,(anonymous_10)
FNDA:0,(anonymous_11)
FNDA:0,(anonymous_12)
FNDA:0,(anonymous_13)
FNDA:0,(anonymous_14)
FNDA:0,(anonymous_15)
FNDA:0,(anonymous_16)
FNDA:0,(anonymous_17)
FNDA:0,(anonymous_18)
FNDA:0,(anonymous_19)
FNDA:0,(anonymous_20)
FNDA:0,(anonymous_21)
FNDA:0,(anonymous_22)
FNDA:0,(anonymous_23)
FNDA:0,(anonymous_24)
FNDA:0,(anonymous_25)
FNDA:0,(anonymous_26)
FNDA:0,(anonymous_27)
FNDA:0,(anonymous_28)
FNDA:0,(anonymous_29)
FNDA:0,(anonymous_30)
FNDA:0,(anonymous_31)
FNDA:0,(anonymous_32)
FNDA:0,(anonymous_33)
FNDA:0,(anonymous_34)
FNDA:0,(anonymous_35)
FNDA:0,(anonymous_36)
DA:36,1
DA:46,0
DA:47,0
DA:48,0
DA:62,0
DA:63,0
DA:66,0
DA:69,0
DA:70,0
DA:71,0
DA:75,0
DA:78,0
DA:79,0
DA:80,0
DA:85,0
DA:88,0
DA:95,0
DA:96,0
DA:101,0
DA:102,0
DA:104,0
DA:105,0
DA:108,0
DA:112,0
DA:122,0
DA:143,0
DA:144,0
DA:146,0
DA:168,0
DA:169,0
DA:170,0
DA:172,0
DA:173,0
DA:176,0
DA:195,0
DA:196,0
DA:197,0
DA:199,0
DA:200,0
DA:203,0
DA:221,0
DA:222,0
DA:223,0
DA:224,0
DA:226,0
DA:256,0
DA:257,0
DA:258,0
DA:259,0
DA:260,0
DA:261,0
DA:262,0
DA:263,0
DA:264,0
DA:268,0
DA:269,0
DA:270,0
DA:271,0
DA:272,0
DA:273,0
DA:274,0
DA:278,0
DA:292,0
DA:295,0
DA:313,0
DA:314,0
DA:315,0
DA:318,0
DA:319,0
DA:334,0
DA:351,0
DA:352,0
DA:369,0
DA:401,0
DA:406,0
DA:408,0
DA:414,0
DA:428,0
DA:433,0
DA:435,0
DA:441,0
DA:454,0
DA:455,0
DA:476,0
DA:488,0
DA:521,0
DA:528,0
DA:529,0
DA:543,0
DA:546,0
LF:90
LH:1
BRDA:67,0,0,0
BRDA:67,0,1,0
BRDA:69,1,0,0
BRDA:69,1,1,0
BRDA:69,2,0,0
BRDA:69,2,1,0
BRDA:76,3,0,0
BRDA:76,3,1,0
BRDA:78,4,0,0
BRDA:78,4,1,0
BRDA:78,5,0,0
BRDA:78,5,1,0
BRDA:86,6,0,0
BRDA:86,6,1,0
BRDA:90,7,0,0
BRDA:90,7,1,0
BRDA:92,8,0,0
BRDA:92,8,1,0
BRDA:116,9,0,0
BRDA:116,9,1,0
BRDA:125,10,0,0
BRDA:125,10,1,0
BRDA:144,11,0,0
BRDA:144,11,1,0
BRDA:170,12,0,0
BRDA:170,12,1,0
BRDA:170,12,2,0
BRDA:172,13,0,0
BRDA:172,13,1,0
BRDA:180,14,0,0
BRDA:180,14,1,0
BRDA:181,15,0,0
BRDA:181,15,1,0
BRDA:197,16,0,0
BRDA:197,16,1,0
BRDA:199,17,0,0
BRDA:199,17,1,0
BRDA:207,18,0,0
BRDA:207,18,1,0
BRDA:208,19,0,0
BRDA:208,19,1,0
BRDA:224,20,0,0
BRDA:224,20,1,0
BRDA:224,21,0,0
BRDA:224,21,1,0
BRDA:226,22,0,0
BRDA:226,22,1,0
BRDA:234,23,0,0
BRDA:234,23,1,0
BRDA:258,24,0,0
BRDA:258,24,1,0
BRDA:258,24,2,0
BRDA:258,24,3,0
BRDA:258,24,4,0
BRDA:258,24,5,0
BRDA:264,25,0,0
BRDA:264,25,1,0
BRDA:269,26,0,0
BRDA:269,26,1,0
BRDA:269,26,2,0
BRDA:269,26,3,0
BRDA:269,26,4,0
BRDA:352,27,0,0
BRDA:352,27,1,0
BRDA:392,28,0,0
BRDA:392,28,1,0
BRDA:505,29,0,0
BRDA:505,29,1,0
BRDA:510,30,0,0
BRDA:510,30,1,0
BRDA:528,31,0,0
BRDA:528,31,1,0
BRDA:532,32,0,0
BRDA:532,32,1,0
BRF:74
BRH:0
end_of_record
TN:
SF:src/pages/Scraping.tsx
FN:43,TabPanel
FN:52,Scraping
FN:68,(anonymous_2)
FN:78,(anonymous_3)
FN:79,(anonymous_4)
FN:93,(anonymous_5)
FN:102,(anonymous_6)
FN:103,(anonymous_7)
FN:115,(anonymous_8)
FN:123,(anonymous_9)
FN:124,(anonymous_10)
FN:129,(anonymous_11)
FN:147,(anonymous_12)
FN:160,(anonymous_13)
FN:183,(anonymous_14)
FN:201,(anonymous_15)
FN:206,(anonymous_16)
FN:216,(anonymous_17)
FN:238,(anonymous_18)
FN:256,(anonymous_19)
FN:267,(anonymous_20)
FN:318,(anonymous_21)
FN:342,(anonymous_22)
FN:358,(anonymous_23)
FN:376,(anonymous_24)
FN:377,(anonymous_25)
FN:382,(anonymous_26)
FN:390,(anonymous_27)
FN:405,(anonymous_28)
FN:407,(anonymous_29)
FN:417,(anonymous_30)
FN:428,(anonymous_31)
FN:438,(anonymous_32)
FNF:33
FNH:0
FNDA:0,TabPanel
FNDA:0,Scraping
FNDA:0,(anonymous_2)
FNDA:0,(anonymous_3)
FNDA:0,(anonymous_4)
FNDA:0,(anonymous_5)
FNDA:0,(anonymous_6)
FNDA:0,(anonymous_7)
FNDA:0,(anonymous_8)
FNDA:0,(anonymous_9)
FNDA:0,(anonymous_10)
FNDA:0,(anonymous_11)
FNDA:0,(anonymous_12)
FNDA:0,(anonymous_13)
FNDA:0,(anonymous_14)
FNDA:0,(anonymous_15)
FNDA:0,(anonymous_16)
FNDA:0,(anonymous_17)
FNDA:0,(anonymous_18)
FNDA:0,(anonymous_19)
FNDA:0,(anonymous_20)
FNDA:0,(anonymous_21)
FNDA:0,(anonymous_22)
FNDA:0,(anonymous_23)
FNDA:0,(anonymous_24)
FNDA:0,(anonymous_25)
FNDA:0,(anonymous_26)
FNDA:0,(anonymous_27)
FNDA:0,(anonymous_28)
FNDA:0,(anonymous_29)
FNDA:0,(anonymous_30)
FNDA:0,(anonymous_31)
FNDA:0,(anonymous_32)
DA:44,0
DA:45,0
DA:53,0
DA:54,0
DA:55,0
DA:56,0
DA:57,0
DA:58,0
DA:66,0
DA:69,0
DA:70,0
DA:71,0
DA:77,0
DA:78,0
DA:80,0
DA:81,0
DA:82,0
DA:92,0
DA:96,0
DA:99,0
DA:100,0
DA:102,0
DA:103,0
DA:104,0
DA:113,0
DA:116,0
DA:117,0
DA:122,0
DA:123,0
DA:125,0
DA:129,0
DA:130,0
DA:131,0
DA:132,0
DA:133,0
DA:134,0
DA:135,0
DA:136,0
DA:140,0
DA:148,0
DA:161,0
DA:162,0
DA:163,0
DA:165,0
DA:184,0
DA:185,0
DA:186,0
DA:187,0
DA:189,0
DA:202,0
DA:206,0
DA:218,0
DA:225,0
DA:238,0
DA:239,0
DA:243,0
DA:246,0
DA:256,0
DA:267,0
DA:318,0
DA:342,0
DA:358,0
DA:376,0
DA:377,0
DA:382,0
DA:390,0
DA:405,0
DA:407,0
DA:417,0
DA:428,0
DA:438,0
LF:71
LH:0
BRDA:47,0,0,0
BRDA:47,0,1,0
BRDA:69,1,0,0
BRDA:69,1,1,0
BRDA:69,2,0,0
BRDA:69,2,1,0
BRDA:73,3,0,0
BRDA:73,3,1,0
BRDA:100,4,0,0
BRDA:100,4,1,0
BRDA:106,5,0,0
BRDA:106,5,1,0
BRDA:130,6,0,0
BRDA:130,6,1,0
BRDA:130,6,2,0
BRDA:130,6,3,0
BRDA:130,6,4,0
BRDA:130,6,5,0
BRDA:161,7,0,0
BRDA:161,7,1,0
BRDA:162,8,0,0
BRDA:162,8,1,0
BRDA:163,9,0,0
BRDA:163,9,1,0
BRDA:184,10,0,0
BRDA:184,10,1,0
BRDA:185,11,0,0
BRDA:185,11,1,0
BRDA:187,12,0,0
BRDA:187,12,1,0
BRDA:190,13,0,0
BRDA:190,13,1,0
BRDA:203,14,0,0
BRDA:203,14,1,0
BRDA:213,15,0,0
BRDA:213,15,1,0
BRDA:213,15,2,0
BRDA:221,16,0,0
BRDA:221,16,1,0
BRDA:222,17,0,0
BRDA:222,17,1,0
BRDA:223,18,0,0
BRDA:223,18,1,0
BRDA:241,19,0,0
BRDA:241,19,1,0
BRDA:281,20,0,0
BRDA:281,20,1,0
BRDA:290,21,0,0
BRDA:290,21,1,0
BRDA:300,22,0,0
BRDA:300,22,1,0
BRDA:310,23,0,0
BRDA:310,23,1,0
BRDA:326,24,0,0
BRDA:326,24,1,0
BRDA:342,25,0,0
BRDA:342,25,1,0
BRDA:358,26,0,0
BRDA:358,26,1,0
BRDA:398,27,0,0
BRDA:398,27,1,0
BRDA:422,28,0,0
BRDA:422,28,1,0
BRDA:430,29,0,0
BRDA:430,29,1,0
BRF:65
BRH:0
end_of_record
TN:
SF:src/pages/Settings.tsx
FN:67,TabPanel
FN:83,Settings
FN:120,(anonymous_2)
FN:127,(anonymous_3)
FN:141,(anonymous_4)
FN:149,(anonymous_5)
FN:154,(anonymous_6)
FN:163,(anonymous_7)
FN:167,(anonymous_8)
FN:172,(anonymous_9)
FN:177,(anonymous_10)
FN:181,(anonymous_11)
FN:184,(anonymous_12)
FN:186,(anonymous_13)
FN:188,(anonymous_14)
FN:193,(anonymous_15)
FN:197,(anonymous_16)
FN:203,(anonymous_17)
FN:217,(anonymous_18)
FN:220,(anonymous_19)
FN:232,(anonymous_20)
FN:234,(anonymous_21)
FN:245,(anonymous_22)
FN:247,(anonymous_23)
FN:257,(anonymous_24)
FN:267,(anonymous_25)
FN:277,(anonymous_26)
FN:287,(anonymous_27)
FN:297,(anonymous_28)
FN:308,(anonymous_29)
FN:321,(anonymous_30)
FN:384,(anonymous_31)
FN:399,(anonymous_32)
FN:412,(anonymous_33)
FN:425,(anonymous_34)
FN:484,(anonymous_35)
FN:501,(anonymous_36)
FN:529,(anonymous_37)
FN:594,(anonymous_38)
FN:603,(anonymous_39)
FN:612,(anonymous_40)
FN:620,(anonymous_41)
FN:645,(anonymous_42)
FN:657,(anonymous_43)
FN:668,(anonymous_44)
FN:686,(anonymous_45)
FN:695,(anonymous_46)
FN:719,(anonymous_47)
FN:729,(anonymous_48)
FN:739,(anonymous_49)
FN:749,(anonymous_50)
FN:760,(anonymous_51)
FN:770,(anonymous_52)
FN:775,(anonymous_53)
FN:786,(anonymous_54)
FN:790,(anonymous_55)
FNF:56
FNH:0
FNDA:0,TabPanel
FNDA:0,Settings
FNDA:0,(anonymous_2)
FNDA:0,(anonymous_3)
FNDA:0,(anonymous_4)
FNDA:0,(anonymous_5)
FNDA:0,(anonymous_6)
FNDA:0,(anonymous_7)
FNDA:0,(anonymous_8)
FNDA:0,(anonymous_9)
FNDA:0,(anonymous_10)
FNDA:0,(anonymous_11)
FNDA:0,(anonymous_12)
FNDA:0,(anonymous_13)
FNDA:0,(anonymous_14)
FNDA:0,(anonymous_15)
FNDA:0,(anonymous_16)
FNDA:0,(anonymous_17)
FNDA:0,(anonymous_18)
FNDA:0,(anonymous_19)
FNDA:0,(anonymous_20)
FNDA:0,(anonymous_21)
FNDA:0,(anonymous_22)
FNDA:0,(anonymous_23)
FNDA:0,(anonymous_24)
FNDA:0,(anonymous_25)
FNDA:0,(anonymous_26)
FNDA:0,(anonymous_27)
FNDA:0,(anonymous_28)
FNDA:0,(anonymous_29)
FNDA:0,(anonymous_30)
FNDA:0,(anonymous_31)
FNDA:0,(anonymous_32)
FNDA:0,(anonymous_33)
FNDA:0,(anonymous_34)
FNDA:0,(anonymous_35)
FNDA:0,(anonymous_36)
FNDA:0,(anonymous_37)
FNDA:0,(anonymous_38)
FNDA:0,(anonymous_39)
FNDA:0,(anonymous_40)
FNDA:0,(anonymous_41)
FNDA:0,(anonymous_42)
FNDA:0,(anonymous_43)
FNDA:0,(anonymous_44)
FNDA:0,(anonymous_45)
FNDA:0,(anonymous_46)
FNDA:0,(anonymous_47)
FNDA:0,(anonymous_48)
FNDA:0,(anonymous_49)
FNDA:0,(anonymous_50)
FNDA:0,(anonymous_51)
FNDA:0,(anonymous_52)
FNDA:0,(anonymous_53)
FNDA:0,(anonymous_54)
FNDA:0,(anonymous_55)
DA:68,0
DA:70,0
DA:84,0
DA:85,0
DA:91,0
DA:94,0
DA:95,0
DA:96,0
DA:105,0
DA:115,0
DA:118,0
DA:121,0
DA:122,0
DA:127,0
DA:128,0
DA:129,0
DA:139,0
DA:142,0
DA:143,0
DA:148,0
DA:149,0
DA:153,0
DA:155,0
DA:156,0
DA:157,0
DA:162,0
DA:163,0
DA:166,0
DA:168,0
DA:171,0
DA:173,0
DA:176,0
DA:177,0
DA:180,0
DA:181,0
DA:184,0
DA:185,0
DA:187,0
DA:188,0
DA:193,0
DA:194,0
DA:197,0
DA:198,0
DA:199,0
DA:200,0
DA:203,0
DA:204,0
DA:205,0
DA:214,0
DA:217,0
DA:218,0
DA:219,0
DA:221,0
DA:222,0
DA:232,0
DA:233,0
DA:235,0
DA:236,0
DA:245,0
DA:246,0
DA:248,0
DA:257,0
DA:258,0
DA:259,0
DA:266,0
DA:268,0
DA:269,0
DA:270,0
DA:275,0
DA:278,0
DA:286,0
DA:288,0
DA:289,0
DA:290,0
DA:295,0
DA:298,0
DA:308,0
DA:309,0
DA:318,0
DA:321,0
DA:322,0
DA:323,0
DA:332,0
DA:333,0
DA:342,0
DA:384,0
DA:399,0
DA:412,0
DA:425,0
DA:484,0
DA:501,0
DA:530,0
DA:594,0
DA:603,0
DA:612,0
DA:620,0
DA:645,0
DA:657,0
DA:668,0
DA:686,0
DA:695,0
DA:719,0
DA:729,0
DA:739,0
DA:749,0
DA:760,0
DA:770,0
DA:775,0
DA:786,0
DA:790,0
LF:110
LH:0
BRDA:78,0,0,0
BRDA:78,0,1,0
BRDA:128,1,0,0
BRDA:128,1,1,0
BRDA:139,2,0,0
BRDA:218,3,0,0
BRDA:218,3,1,0
BRDA:258,4,0,0
BRDA:258,4,1,0
BRDA:280,5,0,0
BRDA:280,5,1,0
BRDA:300,6,0,0
BRDA:300,6,1,0
BRDA:322,7,0,0
BRDA:322,7,1,0
BRDA:327,8,0,0
BRDA:327,8,1,0
BRDA:332,9,0,0
BRDA:332,9,1,0
BRDA:332,10,0,0
BRDA:332,10,1,0
BRDA:353,11,0,0
BRDA:353,11,1,0
BRDA:401,12,0,0
BRDA:401,12,1,0
BRDA:414,13,0,0
BRDA:414,13,1,0
BRDA:427,14,0,0
BRDA:427,14,1,0
BRDA:447,15,0,0
BRDA:447,15,1,0
BRDA:456,16,0,0
BRDA:456,16,1,0
BRDA:465,17,0,0
BRDA:465,17,1,0
BRDA:533,18,0,0
BRDA:533,18,1,0
BRDA:551,19,0,0
BRDA:551,19,1,0
BRDA:558,20,0,0
BRDA:558,20,1,0
BRDA:567,21,0,0
BRDA:567,21,1,0
BRDA:578,22,0,0
BRDA:578,22,1,0
BRDA:581,23,0,0
BRDA:581,23,1,0
BRDA:633,24,0,0
BRDA:633,24,1,0
BRDA:647,25,0,0
BRDA:647,25,1,0
BRDA:659,26,0,0
BRDA:659,26,1,0
BRDA:685,27,0,0
BRDA:685,27,1,0
BRDA:698,28,0,0
BRDA:698,28,1,0
BRDA:710,29,0,0
BRDA:710,29,1,0
BRDA:718,30,0,0
BRDA:718,30,1,0
BRDA:719,31,0,0
BRDA:719,31,1,0
BRDA:728,32,0,0
BRDA:728,32,1,0
BRDA:729,33,0,0
BRDA:729,33,1,0
BRDA:738,34,0,0
BRDA:738,34,1,0
BRDA:739,35,0,0
BRDA:739,35,1,0
BRDA:748,36,0,0
BRDA:748,36,1,0
BRDA:749,37,0,0
BRDA:749,37,1,0
BRDA:774,38,0,0
BRDA:774,38,1,0
BRDA:774,38,2,0
BRDA:775,39,0,0
BRDA:775,39,1,0
BRDA:777,40,0,0
BRDA:777,40,1,0
BRF:82
BRH:0
end_of_record
TN:
SF:src/services/api.ts
FN:15,(anonymous_0)
FN:23,(anonymous_1)
FN:35,(anonymous_2)
FN:40,(anonymous_3)
FN:63,(anonymous_4)
FN:80,(anonymous_5)
FN:81,(anonymous_6)
FN:82,(anonymous_7)
FN:84,(anonymous_8)
FN:85,(anonymous_9)
FN:88,(anonymous_10)
FN:91,(anonymous_11)
FN:92,(anonymous_12)
FN:93,(anonymous_13)
FN:99,(anonymous_14)
FN:100,(anonymous_15)
FN:101,(anonymous_16)
FN:102,(anonymous_17)
FN:103,(anonymous_18)
FN:104,(anonymous_19)
FN:109,(anonymous_20)
FN:110,(anonymous_21)
FN:112,(anonymous_22)
FN:114,(anonymous_23)
FN:115,(anonymous_24)
FN:116,(anonymous_25)
FN:118,(anonymous_26)
FN:119,(anonymous_27)
FN:120,(anonymous_28)
FN:121,(anonymous_29)
FN:123,(anonymous_30)
FN:124,(anonymous_31)
FN:125,(anonymous_32)
FN:126,(anonymous_33)
FN:132,(anonymous_34)
FN:135,(anonymous_35)
FN:136,(anonymous_36)
FN:140,(anonymous_37)
FN:142,(anonymous_38)
FN:143,(anonymous_39)
FN:146,(anonymous_40)
FN:151,(anonymous_41)
FN:152,(anonymous_42)
FN:153,(anonymous_43)
FN:154,(anonymous_44)
FN:155,(anonymous_45)
FN:157,(anonymous_46)
FN:162,(anonymous_47)
FN:163,(anonymous_48)
FN:164,(anonymous_49)
FN:170,(anonymous_50)
FN:173,(anonymous_51)
FN:180,(anonymous_52)
FN:183,(anonymous_53)
FN:188,(anonymous_54)
FN:193,(anonymous_55)
FN:200,(anonymous_56)
FN:203,(anonymous_57)
FN:204,(anonymous_58)
FN:207,(anonymous_59)
FN:214,(anonymous_60)
FN:218,(anonymous_61)
FN:221,(anonymous_62)
FN:224,(anonymous_63)
FN:227,(anonymous_64)
FN:231,(anonymous_65)
FN:234,(anonymous_66)
FN:238,(anonymous_67)
FN:241,(anonymous_68)
FNF:69
FNH:16
FNDA:0,(anonymous_0)
FNDA:0,(anonymous_1)
FNDA:0,(anonymous_2)
FNDA:0,(anonymous_3)
FNDA:0,(anonymous_4)
FNDA:2,(anonymous_5)
FNDA:1,(anonymous_6)
FNDA:2,(anonymous_7)
FNDA:1,(anonymous_8)
FNDA:3,(anonymous_9)
FNDA:0,(anonymous_10)
FNDA:0,(anonymous_11)
FNDA:0,(anonymous_12)
FNDA:0,(anonymous_13)
FNDA:1,(anonymous_14)
FNDA:1,(anonymous_15)
FNDA:1,(anonymous_16)
FNDA:1,(anonymous_17)
FNDA:0,(anonymous_18)
FNDA:0,(anonymous_19)
FNDA:1,(anonymous_20)
FNDA:0,(anonymous_21)
FNDA:1,(anonymous_22)
FNDA:0,(anonymous_23)
FNDA:1,(anonymous_24)
FNDA:0,(anonymous_25)
FNDA:0,(anonymous_26)
FNDA:0,(anonymous_27)
FNDA:0,(anonymous_28)
FNDA:0,(anonymous_29)
FNDA:1,(anonymous_30)
FNDA:0,(anonymous_31)
FNDA:0,(anonymous_32)
FNDA:0,(anonymous_33)
FNDA:2,(anonymous_34)
FNDA:0,(anonymous_35)
FNDA:1,(anonymous_36)
FNDA:1,(anonymous_37)
FNDA:0,(anonymous_38)
FNDA:0,(anonymous_39)
FNDA:0,(anonymous_40)
FNDA:0,(anonymous_41)
FNDA:0,(anonymous_42)
FNDA:0,(anonymous_43)
FNDA:0,(anonymous_44)
FNDA:0,(anonymous_45)
FNDA:0,(anonymous_46)
FNDA:0,(anonymous_47)
FNDA:0,(anonymous_48)
FNDA:0,(anonymous_49)
FNDA:0,(anonymous_50)
FNDA:0,(anonymous_51)
FNDA:0,(anonymous_52)
FNDA:0,(anonymous_53)
FNDA:0,(anonymous_54)
FNDA:0,(anonymous_55)
FNDA:0,(anonymous_56)
FNDA:0,(anonymous_57)
FNDA:0,(anonymous_58)
FNDA:0,(anonymous_59)
FNDA:0,(anonymous_60)
FNDA:0,(anonymous_61)
FNDA:0,(anonymous_62)
FNDA:0,(anonymous_63)
FNDA:0,(anonymous_64)
FNDA:0,(anonymous_65)
FNDA:0,(anonymous_66)
FNDA:0,(anonymous_67)
FNDA:0,(anonymous_68)
DA:3,7
DA:5,7
DA:14,7
DA:17,0
DA:18,0
DA:19,0
DA:21,0
DA:24,0
DA:29,7
DA:30,7
DA:31,7
DA:34,7
DA:37,0
DA:38,0
DA:41,0
DA:44,0
DA:45,0
DA:46,0
DA:47,0
DA:51,0
DA:53,0
DA:54,0
DA:55,0
DA:58,0
DA:60,0
DA:63,0
DA:66,0
DA:70,0
DA:71,0
DA:74,0
DA:79,7
DA:80,2
DA:81,1
DA:83,2
DA:84,1
DA:85,3
DA:88,0
DA:91,0
DA:92,0
DA:94,0
DA:98,7
DA:99,1
DA:100,1
DA:101,1
DA:102,1
DA:103,0
DA:104,0
DA:108,7
DA:109,1
DA:111,0
DA:113,1
DA:114,0
DA:115,1
DA:117,0
DA:118,0
DA:119,0
DA:120,0
DA:121,0
DA:123,1
DA:124,0
DA:125,0
DA:126,0
DA:131,7
DA:132,2
DA:135,0
DA:137,1
DA:141,1
DA:142,0
DA:143,0
DA:146,0
DA:150,7
DA:151,0
DA:152,0
DA:153,0
DA:154,0
DA:156,0
DA:157,0
DA:161,7
DA:162,0
DA:163,0
DA:164,0
DA:168,7
DA:170,0
DA:177,0
DA:180,0
DA:185,0
DA:188,0
DA:197,0
DA:200,0
DA:203,0
DA:204,0
DA:208,0
DA:212,7
DA:215,0
DA:218,0
DA:221,0
DA:224,0
DA:228,0
DA:231,0
DA:235,0
DA:238,0
DA:241,0
LF:102
LH:31
BRDA:3,0,0,7
BRDA:3,0,1,0
BRDA:18,1,0,0
BRDA:18,1,1,0
BRDA:44,2,0,0
BRDA:44,2,1,0
BRDA:51,3,0,0
BRDA:51,3,1,0
BRDA:51,3,2,0
BRDA:53,4,0,0
BRDA:53,4,1,0
BRDA:53,5,0,0
BRDA:53,5,1,0
BRDA:53,5,2,0
BRDA:53,5,3,0
BRDA:70,6,0,0
BRDA:70,6,1,0
BRDA:82,7,0,1
BRDA:86,8,0,1
BRDA:86,8,1,2
BRDA:89,9,0,0
BRDA:89,9,1,0
BRDA:116,10,0,0
BRDA:133,11,0,1
BRDA:133,11,1,1
BRDA:136,12,0,0
BRDA:138,13,0,1
BRDA:138,13,1,0
BRDA:140,14,0,0
BRDA:144,15,0,0
BRDA:144,15,1,0
BRDA:151,16,0,0
BRDA:189,17,0,0
BRDA:189,17,1,0
BRF:34
BRH:7
end_of_record
TN:
SF:src/test-utils/mockHelpers.ts
FN:3,(anonymous_0)
FN:76,(anonymous_1)
FN:82,(anonymous_2)
FN:110,(anonymous_3)
FN:145,(anonymous_4)
FN:186,(anonymous_5)
FN:222,(anonymous_6)
FNF:7
FNH:2
FNDA:78,(anonymous_0)
FNDA:0,(anonymous_1)
FNDA:0,(anonymous_2)
FNDA:0,(anonymous_3)
FNDA:0,(anonymous_4)
FNDA:0,(anonymous_5)
FNDA:78,(anonymous_6)
DA:3,6
DA:5,78
DA:34,78
DA:76,78
DA:77,0
DA:82,0
DA:83,0
DA:86,0
DA:110,6
DA:111,0
DA:120,0
DA:130,0
DA:145,6
DA:146,0
DA:156,0
DA:160,0
DA:164,0
DA:181,0
DA:186,6
DA:187,0
DA:203,0
DA:212,0
DA:222,6
DA:223,78
DA:224,0
DA:225,0
DA:226,0
LF:27
LH:9
BRDA:83,0,0,0
BRDA:83,0,1,0
BRF:2
BRH:0
end_of_record
TN:
SF:src/types/category.ts
FNF:0
FNH:0
LF:0
LH:0
BRF:0
BRH:0
end_of_record
TN:
SF:src/types/schedule.ts
FN:115,(anonymous_0)
FN:130,(anonymous_1)
FN:141,(anonymous_2)
FN:150,(anonymous_3)
FN:154,(anonymous_4)
FNF:5
FNH:0
FNDA:0,(anonymous_0)
FNDA:0,(anonymous_1)
FNDA:0,(anonymous_2)
FNDA:0,(anonymous_3)
FNDA:0,(anonymous_4)
DA:115,1
DA:116,0
DA:118,0
DA:120,0
DA:122,0
DA:124,0
DA:126,0
DA:130,1
DA:131,0
DA:133,0
DA:135,0
DA:137,0
DA:141,1
DA:142,0
DA:143,0
DA:144,0
DA:145,0
DA:146,0
DA:147,0
DA:150,1
DA:151,0
DA:154,1
DA:155,0
DA:157,0
DA:159,0
DA:161,0
DA:163,0
LF:27
LH:5
BRDA:116,0,0,0
BRDA:116,0,1,0
BRDA:116,0,2,0
BRDA:116,0,3,0
BRDA:116,0,4,0
BRDA:131,1,0,0
BRDA:131,1,1,0
BRDA:131,1,2,0
BRDA:143,2,0,0
BRDA:143,2,1,0
BRDA:143,3,0,0
BRDA:143,3,1,0
BRDA:144,4,0,0
BRDA:144,4,1,0
BRDA:144,5,0,0
BRDA:144,5,1,0
BRDA:145,6,0,0
BRDA:145,6,1,0
BRDA:145,7,0,0
BRDA:145,7,1,0
BRDA:146,8,0,0
BRDA:146,8,1,0
BRDA:146,9,0,0
BRDA:146,9,1,0
BRDA:147,10,0,0
BRDA:147,10,1,0
BRDA:155,11,0,0
BRDA:155,11,1,0
BRDA:155,11,2,0
BRDA:155,11,3,0
BRF:30
BRH:0
end_of_record
